#
# A fatal error has been detected by the Java Runtime Environment:
#
#  EXCEPTION_ACCESS_VIOLATION (0xc0000005) at pc=0x00007ffcc1dd4459, pid=18460, tid=10644
#
# JRE version: Java(TM) SE Runtime Environment (21.0.1+12) (build 21.0.1+12-LTS-29)
# Java VM: Java HotSpot(TM) 64-Bit Server VM (21.0.1+12-LTS-29, mixed mode, emulated-client, sharing, tiered, compressed oops, compressed class ptrs, g1 gc, windows-amd64)
# Problematic frame:
# V  [jvm.dll+0x444459]
#
# No core dump will be written. Minidumps are not enabled by default on client versions of Windows
#
# If you would like to submit a bug report, please visit:
#   https://bugreport.java.com/bugreport/crash.jsp
#

---------------  S U M M A R Y ------------

Command Line: -agentlib:jdwp=transport=dt_socket,address=127.0.0.1:56154,suspend=y,server=n -XX:TieredStopAtLevel=1 -Xverify:none -Dspring.output.ansi.enabled=always -Dcom.sun.management.jmxremote -Dspring.jmx.enabled=true -Dspring.liveBeansView.mbeanDomain -Dspring.application.admin.enabled=true -Dfile.encoding=UTF-8 epc.epcsalesapi.EpcsalesapiApplication

Host: Intel(R) Xeon(R) Gold 6252 CPU @ 2.10GHz, 8 cores, 15G,  Windows 10 , 64 bit Build 19041 (10.0.19041.3570)
Time: Mon Oct 23 16:38:09 2023 China Standard Time elapsed time: 416.998687 seconds (0d 0h 6m 56s)

---------------  T H R E A D  ---------------

Current thread (0x000002bff50f9c50):  JavaThread "ForkJoinPool-1-worker-8" daemon [_thread_in_vm, id=10644, stack(0x000000d6f5500000,0x000000d6f5600000) (1024K)]

Stack: [0x000000d6f5500000,0x000000d6f5600000],  sp=0x000000d6f55feed0,  free space=1019k
Native frames: (J=compiled Java code, j=interpreted, Vv=VM code, C=native code)
V  [jvm.dll+0x444459]
C  0x000002bfe2f8fb26

The last pc belongs to native nmethod (printed below).
Java frames: (J=compiled Java code, j=interpreted, Vv=VM code)
J 56  java.lang.Object.getClass()Ljava/lang/Class; java.base@21.0.1 (0 bytes) @ 0x000002bfe2f8fa93 [0x000002bfe2f8fa40+0x0000000000000053]
j  org.springframework.web.method.HandlerMethod$ReturnValueMethodParameter.<init>(Lorg/springframework/web/method/HandlerMethod;Ljava/lang/Object;)V+17
j  org.springframework.web.method.HandlerMethod.getReturnValueType(Ljava/lang/Object;)Lorg/springframework/core/MethodParameter;+6
j  org.springframework.web.servlet.mvc.method.annotation.ServletInvocableHandlerMethod.invokeAndHandle(Lorg/springframework/web/context/request/ServletWebRequest;Lorg/springframework/web/method/support/ModelAndViewContainer;[Ljava/lang/Object;)V+99
J 6813  jdk.internal.vm.Continuation.enterSpecial(Ljdk/internal/vm/Continuation;ZZ)V java.base@21.0.1 (0 bytes) @ 0x000002bfe3caaceb [0x000002bfe3caaba0+0x000000000000014b]
j  jdk.internal.vm.Continuation.run()V+152 java.base@21.0.1
j  java.lang.VirtualThread.runContinuation()V+71 java.base@21.0.1
j  java.lang.VirtualThread$$Lambda+0x000002bf8156dac0.run()V+4 java.base@21.0.1
j  java.util.concurrent.ForkJoinTask$RunnableExecuteAction.exec()Z+4 java.base@21.0.1
j  java.util.concurrent.ForkJoinTask.doExec()I+10 java.base@21.0.1
J 7905 c1 java.util.concurrent.ForkJoinPool$WorkQueue.topLevelExec(Ljava/util/concurrent/ForkJoinTask;Ljava/util/concurrent/ForkJoinPool$WorkQueue;)V java.base@21.0.1 (83 bytes) @ 0x000002bfe3dc78e4 [0x000002bfe3dc7860+0x0000000000000084]
J 6819 c1 java.util.concurrent.ForkJoinPool.scan(Ljava/util/concurrent/ForkJoinPool$WorkQueue;II)I java.base@21.0.1 (263 bytes) @ 0x000002bfe3cad6e4 [0x000002bfe3cad380+0x0000000000000364]
j  java.util.concurrent.ForkJoinPool.runWorker(Ljava/util/concurrent/ForkJoinPool$WorkQueue;)V+35 java.base@21.0.1
j  java.util.concurrent.ForkJoinWorkerThread.run()V+31 java.base@21.0.1
v  ~StubRoutines::call_stub 0x000002bfe2e6100d

siginfo: EXCEPTION_ACCESS_VIOLATION (0xc0000005), reading address 0x000002bf81c8d698


Registers:
RAX=0x000002bf81c8d628, RBX=0x000002bff50f9c50, RCX=0x0000000000000000, RDX=0x000000d6f55fef40
RSP=0x000000d6f55feed0, RBP=0x000000d6f55fef80, RSI=0x0000000000000000, RDI=0x000000d6f55fef40
R8 =0x00000007036bae28, R9 =0x0000000000000000, R10=0x00007ffcc25b25c9, R11=0x000002bfe2f8fa60
R12=0x0000000000000000, R13=0x000000d6f55fef98, R14=0x000000d6f55ff010, R15=0x000002bff50f9c50
RIP=0x00007ffcc1dd4459, EFLAGS=0x0000000000010206


Register to memory mapping:

RAX=0x000002bf81c8d628 is pointing into metadata
RBX=0x000002bff50f9c50 is a thread
RCX=0x0 is null
RDX=0x000000d6f55fef40 is pointing into the stack for thread: 0x000002bff50f9c50
RSP=0x000000d6f55feed0 is pointing into the stack for thread: 0x000002bff50f9c50
RBP=0x000000d6f55fef80 is pointing into the stack for thread: 0x000002bff50f9c50
RSI=0x0 is null
RDI=0x000000d6f55fef40 is pointing into the stack for thread: 0x000002bff50f9c50
R8 =0x00000007036bae28 is an oop: org.springframework.core.MethodParameter$$Lambda/0x000002bf8113fdc8 
{0x00000007036bae28} - klass: 'org/springframework/core/MethodParameter$$Lambda+0x000002bf8113fdc8'
 - ---- fields (total size 2 words):
 - private final 'arg$1' 'I' @12  1 (0x00000001)
R9 =0x0 is null
R10=0x00007ffcc25b25c9 jvm.dll
R11=0x000002bfe2f8fa60 is at entry_point+32 in (nmethod*)0x000002bfe2f8f890
Compiled method (n/a)  417016   56     n 0       java.lang.Object::getClass (native)
 total in heap  [0x000002bfe2f8f890,0x000002bfe2f8fe70] = 1504
 relocation     [0x000002bfe2f8f9f0,0x000002bfe2f8fa28] = 56
 main code      [0x000002bfe2f8fa40,0x000002bfe2f8fe69] = 1065
 stub code      [0x000002bfe2f8fe69,0x000002bfe2f8fe70] = 7
R12=0x0 is null
R13=0x000000d6f55fef98 is pointing into the stack for thread: 0x000002bff50f9c50
R14=0x000000d6f55ff010 is pointing into the stack for thread: 0x000002bff50f9c50
R15=0x000002bff50f9c50 is a thread

Top of Stack: (sp=0x000000d6f55feed0)
0x000000d6f55feed0:   000002bff51e9410 000000d6f55feed8
0x000000d6f55feee0:   000002bfef678ad4 00000007036badd8
0x000000d6f55feef0:   000002bff50f9c50 0000000000000000
0x000000d6f55fef00:   0000000700815bf0 000002bfef678ae0
0x000000d6f55fef10:   000002bfe2e6948a 000002bfe2f8fb26
0x000000d6f55fef20:   000002bf8047c5c8 0000000701d408b0
0x000000d6f55fef30:   00000007036badd8 000000d6f55fef38
0x000000d6f55fef40:   000002bff51e9410 0000000000000004
0x000000d6f55fef50:   000002bff177a7b8 0000000000000000
0x000000d6f55fef60:   00000007022a8db8 000002bff1778bb0
0x000000d6f55fef70:   0000000000000000 000000d6f55fef90
0x000000d6f55fef80:   000000d6f55feff0 000002bfe2e6958b
0x000000d6f55fef90:   000002bfe2e6958b 000002bff51e9410
0x000000d6f55fefa0:   00000007036badd8 000000d6f55fefa8
0x000000d6f55fefb0:   000002bff1cf7d19 0000000000000004
0x000000d6f55fefc0:   000002bff1cf8378 0000000000000000
0x000000d6f55fefd0:   00000007024e3978 000002bff1cf7d58
0x000000d6f55fefe0:   000000d6f55fef98 000000d6f55ff000
0x000000d6f55feff0:   000000d6f55ff068 000002bfe2e69086
0x000000d6f55ff000:   000002bff51e9410 0000000703cd3710
0x000000d6f55ff010:   00000007036badd8 00000007036badd8
0x000000d6f55ff020:   000000d6f55ff020 000002bff16cf656
0x000000d6f55ff030:   0000000000000003 000002bff17300a8
0x000000d6f55ff040:   0000000000000000 0000000701c4fc50
0x000000d6f55ff050:   000002bff16cf688 000000d6f55ff000
0x000000d6f55ff060:   000000d6f55ff078 000000d6f55ff0e0
0x000000d6f55ff070:   000002bfe2e6958b 000002bff51e9410
0x000000d6f55ff080:   0000000703cd3710 000002bff51e9410
0x000000d6f55ff090:   0000000701c8eb80 000000d6f55ff098
0x000000d6f55ff0a0:   000002bff16d10d3 0000000000000007
0x000000d6f55ff0b0:   000002bff1c6b4a0 0000000000000000
0x000000d6f55ff0c0:   0000000701cb02f0 000002bff16d1188 

Instructions: (pc=0x00007ffcc1dd4459)
0x00007ffcc1dd4359:   00 48 81 c4 c0 00 00 00 5f 5e 5b c3 cc cc cc cc
0x00007ffcc1dd4369:   cc cc cc cc cc cc cc 48 89 5c 24 08 48 89 74 24
0x00007ffcc1dd4379:   10 57 48 83 ec 40 8b 81 b8 00 00 00 48 8d 99 48
0x00007ffcc1dd4389:   fc ff ff 05 53 21 ff ff 48 8b fa 83 f8 01 77 08
0x00007ffcc1dd4399:   48 8b cb e8 af 78 fa ff 80 3d b9 e1 7d 00 00 c7
0x00007ffcc1dd43a9:   83 4c 04 00 00 06 00 00 00 75 06 e8 07 59 27 00
0x00007ffcc1dd43b9:   90 48 8b 83 50 04 00 00 a8 01 74 0d 45 33 c0 b2
0x00007ffcc1dd43c9:   01 48 8b cb e8 0e 55 2e 00 8b 83 48 04 00 00 a8
0x00007ffcc1dd43d9:   0c 74 08 48 8b cb e8 1c 8e fa ff 33 f6 c7 83 4c
0x00007ffcc1dd43e9:   04 00 00 06 00 00 00 48 89 5c 24 20 48 89 74 24
0x00007ffcc1dd43f9:   28 48 39 73 08 74 0a 48 8d 4c 24 20 e8 d6 1e 2b
0x00007ffcc1dd4409:   00 48 8b c7 83 e0 03 48 83 f8 01 75 0c 48 8d 4f
0x00007ffcc1dd4419:   ff ff 15 80 55 77 00 eb 15 48 83 f8 02 75 0c 48
0x00007ffcc1dd4429:   8d 4f fe ff 15 ee cb 76 00 eb 03 48 8b 07 40 38
0x00007ffcc1dd4439:   35 e0 70 77 00 74 15 8b 40 08 8b 0d 2f 5b 77 00
0x00007ffcc1dd4449:   48 d3 e0 48 03 05 1d 5b 77 00 eb 04 48 8b 40 08
0x00007ffcc1dd4459:   48 8b 48 70 48 85 c9 74 09 ff 15 b8 cb 76 00 48
0x00007ffcc1dd4469:   8b f0 45 33 c0 48 8b d6 48 8b cb e8 87 6a 02 00
0x00007ffcc1dd4479:   48 83 7c 24 28 00 48 8b f0 74 0a 48 8d 4c 24 20
0x00007ffcc1dd4489:   e8 d2 1e 2b 00 48 8b bb 98 01 00 00 48 8b 4f 10
0x00007ffcc1dd4499:   48 83 39 00 74 08 48 8b cf e8 99 a5 f5 ff 48 8b
0x00007ffcc1dd44a9:   4f 08 48 8b 47 10 48 89 41 10 48 8b 4f 08 48 8b
0x00007ffcc1dd44b9:   47 18 48 89 41 18 48 8b 4f 08 48 8b 47 20 48 89
0x00007ffcc1dd44c9:   41 20 48 8d 8b 98 03 00 00 e8 19 28 ed ff 90 48
0x00007ffcc1dd44d9:   8b c6 48 8b 74 24 58 c7 83 4c 04 00 00 04 00 00
0x00007ffcc1dd44e9:   00 48 8b 5c 24 50 48 83 c4 40 5f c3 cc cc cc cc
0x00007ffcc1dd44f9:   cc cc cc cc cc cc cc 48 89 5c 24 18 48 89 74 24
0x00007ffcc1dd4509:   20 57 48 83 ec 20 8b 81 b8 00 00 00 48 8d 99 48
0x00007ffcc1dd4519:   fc ff ff 05 53 21 ff ff 4c 89 74 24 38 4d 8b f0
0x00007ffcc1dd4529:   48 8b f2 83 f8 01 77 08 48 8b cb e8 17 77 fa ff
0x00007ffcc1dd4539:   80 3d 21 e0 7d 00 00 c7 83 4c 04 00 00 06 00 00
0x00007ffcc1dd4549:   00 75 06 e8 6f 57 27 00 90 48 8b 83 50 04 00 00 


Stack slot to memory mapping:

stack at sp + 0 slots: 0x000002bff51e9410 points into unknown readable memory: 0x0000000703ce4448 | 48 44 ce 03 07 00 00 00
stack at sp + 1 slots: 0x000000d6f55feed8 is pointing into the stack for thread: 0x000002bff50f9c50
stack at sp + 2 slots: 0x000002bfef678ad4 is pointing into metadata
stack at sp + 3 slots: 0x00000007036badd8 is an oop: org.springframework.web.method.HandlerMethod$ReturnValueMethodParameter 
{0x00000007036badd8} - klass: 'org/springframework/web/method/HandlerMethod$ReturnValueMethodParameter'
 - ---- fields (total size 10 words):
 - private final 'parameterIndex' 'I' @12  -1 (0xffffffff)
 - private 'nestingLevel' 'I' @16  1 (0x00000001)
 - private final 'executable' 'Ljava/lang/reflect/Executable;' @20  a 'java/lang/reflect/Method'{0x0000000701d408b0} (0xe03a8116)
 - private volatile 'parameter' 'Ljava/lang/reflect/Parameter;' @24  null (0x00000000)
 - 'typeIndexesPerLevel' 'Ljava/util/Map;' @28  null (0x00000000)
 - private volatile 'containingClass' 'Ljava/lang/Class;' @32  null (0x00000000)
 - private volatile 'parameterType' 'Ljava/lang/Class;' @36  null (0x00000000)
 - private volatile 'genericParameterType' 'Ljava/lang/reflect/Type;' @40  null (0x00000000)
 - private volatile 'parameterAnnotations' '[Ljava/lang/annotation/Annotation;' @44  null (0x00000000)
 - private volatile 'parameterNameDiscoverer' 'Lorg/springframework/core/ParameterNameDiscoverer;' @48  null (0x00000000)
 - private volatile 'parameterName' 'Ljava/lang/String;' @52  null (0x00000000)
 - private volatile 'nestedMethodParameter' 'Lorg/springframework/core/MethodParameter;' @56  null (0x00000000)
 - private volatile 'combinedAnnotations' '[Ljava/lang/annotation/Annotation;' @60  null (0x00000000)
 - final synthetic 'this$0' 'Lorg/springframework/web/method/HandlerMethod;' @64  a 'org/springframework/web/servlet/mvc/method/annotation/ServletInvocableHandlerMethod'{0x0000000703cd3710} (0xe079a6e2)
 - private final 'returnValueType' 'Ljava/lang/Class;' @68  null (0x00000000)
 - final synthetic 'this$0' 'Lorg/springframework/web/method/HandlerMethod;' @72  a 'org/springframework/web/servlet/mvc/method/annotation/ServletInvocableHandlerMethod'{0x0000000703cd3710} (0xe079a6e2)
stack at sp + 4 slots: 0x000002bff50f9c50 is a thread
stack at sp + 5 slots: 0x0 is null
stack at sp + 6 slots: 0x0000000700815bf0 is an oop: java.lang.Class 
{0x0000000700815bf0} - klass: 'java/lang/Class'
 - ---- fields (total size 15 words):
 - private volatile transient 'classRedefinedCount' 'I' @12  0 (0x00000000)
 - injected 'klass' 'J' @16  3021527257088 (0x000002bf810f1000)
 - injected 'array_klass' 'J' @24  0 (0x0000000000000000)
 - injected 'oop_size' 'I' @32  15 (0x0000000f)
 - injected 'static_oop_field_count' 'I' @36  1 (0x00000001)
 - private volatile transient 'cachedConstructor' 'Ljava/lang/reflect/Constructor;' @40  null (0x00000000)
 - private transient 'name' 'Ljava/lang/String;' @44  null (0x00000000)
 - private transient 'module' 'Ljava/lang/Module;' @48  a 'java/lang/Module'{0x000000070037b490} (0xe006f692)
 - private final 'classLoader' 'Ljava/lang/ClassLoader;' @52  null (0x00000000)
 - private transient 'classData' 'Ljava/lang/Object;' @56  a 'java/lang/invoke/LambdaForm'{0x00000007008159b0} => a 'java/lang/invoke/MemberName'{0x0000000700815bc0} = {method} {0x000002bfef678ae8} 'invoke' '(Ljava/lang/Object;Ljava/lang/Object;Ljava/lang/Object;)Ljava/lang/Object;' in 'java/lang/invoke/LambdaForm$MH+0x000002bf810f1000' (0xe0102b36)
 - private transient 'packageName' 'Ljava/lang/String;' @60  null (0x00000000)
 - private final 'componentType' 'Ljava/lang/Class;' @64  null (0x00000000)
 - private volatile transient 'reflectionData' 'Ljava/lang/ref/SoftReference;' @68  null (0x00000000)
 - private volatile transient 'genericInfo' 'Lsun/reflect/generics/repository/ClassRepository;' @72  null (0x00000000)
 - private volatile transient 'enumConstants' '[Ljava/lang/Object;' @76  null (0x00000000)
 - private volatile transient 'enumConstantDirectory' 'Ljava/util/Map;' @80  null (0x00000000)
 - private volatile transient 'annotationData' 'Ljava/lang/Class$AnnotationData;' @84  null (0x00000000)
 - private volatile transient 'annotationType' 'Lsun/reflect/annotation/AnnotationType;' @88  null (0x00000000)
 - transient 'classValueMap' 'Ljava/lang/ClassValue$ClassValueMap;' @92  null (0x00000000)
 - injected 'protection_domain' 'Ljava/lang/Object;' @96  null (0x00000000)
 - injected 'signers_name' 'Ljava/lang/Object;' @100  null (0x00000000)
 - injected 'source_file' 'Ljava/lang/Object;' @104  null (0x00000000)
 - signature: Ljava/lang/invoke/LambdaForm$MH+0x000002bf810f1000;
 - ---- static fields (1):
 - static final '_D_0' 'Ljava/lang/invoke/LambdaForm;' @112  a 'java/lang/invoke/LambdaForm'{0x00000007008159b0} => a 'java/lang/invoke/MemberName'{0x0000000700815bc0} = {method} {0x000002bfef678ae8} 'invoke' '(Ljava/lang/Object;Ljava/lang/Object;Ljava/lang/Object;)Ljava/lang/Object;' in 'java/lang/invoke/LambdaForm$MH+0x000002bf810f1000' (0xe0102b36)
stack at sp + 7 slots: {method} {0x000002bfef678ae8} 'invoke' '(Ljava/lang/Object;Ljava/lang/Object;Ljava/lang/Object;)Ljava/lang/Object;' in 'java/lang/invoke/LambdaForm$MH+0x000002bf810f1000'


Compiled method (n/a)  417073   56     n 0       java.lang.Object::getClass (native)
 total in heap  [0x000002bfe2f8f890,0x000002bfe2f8fe70] = 1504
 relocation     [0x000002bfe2f8f9f0,0x000002bfe2f8fa28] = 56
 main code      [0x000002bfe2f8fa40,0x000002bfe2f8fe69] = 1065
 stub code      [0x000002bfe2f8fe69,0x000002bfe2f8fe70] = 7

[Constant Pool (empty)]

[MachCode]
[Entry Point]
  # {method} {0x000002bf8047c5d0} 'getClass' '()Ljava/lang/Class;' in 'java/lang/Object'
  #           [sp+0x70]  (sp of caller)
  0x000002bfe2f8fa40: 448b 5208 | 49bb 0000 | 0080 bf02 | 0000 4d03 | d349 3bc2 | 0f84 0600 

  0x000002bfe2f8fa58: ;   {runtime_call ic_miss_stub}
  0x000002bfe2f8fa58: 0000 e921 | edf1 ff90 
[Verified Entry Point]
  0x000002bfe2f8fa60: 8984 2400 | 80ff ff55 | 488b ec48 | 83ec 6090 | 4181 7f20 | 0700 0000 

  0x000002bfe2f8fa78: ;   {runtime_call StubRoutines (final stubs)}
  0x000002bfe2f8fa78: 7405 e8e1 | 52f0 ff48 | 8954 2420 | 4883 fa00 | 488d 5424 | 2048 0f44 | 5424 20c5 

  0x000002bfe2f8fa94: ;   {internal_word}
  0x000002bfe2f8fa94: f877 49ba | 93fa f8e2 | bf02 0000 | 4d89 97a0 | 0300 0049 | 89a7 9803 

  0x000002bfe2f8faac: ;   {external_word}
  0x000002bfe2f8faac: 0000 49ba | c925 5bc2 | fc7f 0000 | 4180 3a00 | 0f84 4600 

  0x000002bfe2f8fac0: ;   {metadata({method} {0x000002bf8047c5d0} 'getClass' '()Ljava/lang/Class;' in 'java/lang/Object')}
  0x000002bfe2f8fac0: 0000 5248 | bac8 c547 | 80bf 0200 | 0049 8bcf | 4883 ec20 | 40f6 c40f | 0f84 1900 | 0000 4883 
  0x000002bfe2f8fae0: ;   {runtime_call}
  0x000002bfe2f8fae0: ec08 48b8 | 30eb 0bc2 | fc7f 0000 | ffd0 4883 | c408 e90c 

  0x000002bfe2f8faf4: ;   {runtime_call}
  0x000002bfe2f8faf4: 0000 0048 | b830 eb0b | c2fc 7f00 | 00ff d048 | 83c4 205a | 498d 8fb8 | 0300 0041 | c787 4c04 
  0x000002bfe2f8fb14: 0000 0400 

  0x000002bfe2f8fb18: ;   {runtime_call}
  0x000002bfe2f8fb18: 0000 48b8 | 0845 6e12 | fd7f 0000 | ffd0 c5f8 | 7741 c787 | 4c04 0000 | 0500 0000 | f083 4424 
  0x000002bfe2f8fb38: c000 493b | af50 0400 | 000f 870e | 0000 0041 | 83bf 4804 | 0000 000f | 842b 0000 | 00c5 f877 
  0x000002bfe2f8fb58: 4889 45f8 | 498b cf4c | 8be4 4883 | ec20 4883 

  0x000002bfe2f8fb68: ;   {runtime_call}
  0x000002bfe2f8fb68: e4f0 48b8 | c0be d7c1 | fc7f 0000 | ffd0 498b | e44d 33e4 | 488b 45f8 | 41c7 874c | 0400 0008 
  0x000002bfe2f8fb88: 0000 0041 | 83bf c804 | 0000 020f | 84a3 0200 

  0x000002bfe2f8fb98: ;   {external_word}
  0x000002bfe2f8fb98: 0049 bac9 | 255b c2fc | 7f00 0041 | 803a 000f | 844c 0000 | 0048 8945 

  0x000002bfe2f8fbb0: ;   {metadata({method} {0x000002bf8047c5d0} 'getClass' '()Ljava/lang/Class;' in 'java/lang/Object')}
  0x000002bfe2f8fbb0: f848 bac8 | c547 80bf | 0200 0049 | 8bcf 4883 | ec20 40f6 | c40f 0f84 | 1900 0000 | 4883 ec08 
  0x000002bfe2f8fbd0: ;   {runtime_call}
  0x000002bfe2f8fbd0: 48b8 30eb | 0bc2 fc7f | 0000 ffd0 | 4883 c408 | e90c 0000 

  0x000002bfe2f8fbe4: ;   {runtime_call}
  0x000002bfe2f8fbe4: 0048 b830 | eb0b c2fc | 7f00 00ff | d048 83c4 | 2048 8b45 | f849 c787 | 9803 0000 | 0000 0000 
  0x000002bfe2f8fc04: 49c7 87a0 | 0300 0000 | 0000 00c5 | f877 4885 | c00f 84fe | 0100 00a8 | 030f 8508 | 0000 0048 
  0x000002bfe2f8fc24: 8b00 e9ee | 0100 00a8 | 010f 8509 | 0000 0048 | 8b40 fee9 | dd01 0000 | 488b 40ff | 4180 7f40 
  0x000002bfe2f8fc44: 000f 84ce | 0100 0048 | 83f8 000f | 84c4 0100 | 0049 8b4f | 2848 83f9 | 000f 8414 | 0000 0048 
  0x000002bfe2f8fc64: 83e9 0849 | 894f 2849 | 034f 3848 | 8901 e9a2 | 0100 0048 | 81ec d000 | 0000 4889 | 0424 4889 
  0x000002bfe2f8fc84: 4c24 0848 | 8954 2410 | 4889 7424 | 1848 897c | 2420 4c89 | 4424 284c | 894c 2430 | 4c89 5424 
  0x000002bfe2f8fca4: 384c 895c | 2440 c5fb | 1144 2450 | c5fb 114c | 2458 c5fb | 1154 2460 | c5fb 115c | 2468 c5fb 
  0x000002bfe2f8fcc4: 1164 2470 | c5fb 116c | 2478 c5fb | 11b4 2480 | 0000 00c5 | fb11 bc24 | 8800 0000 | c57b 1184 
  0x000002bfe2f8fce4: ;   {no_reloc}
  0x000002bfe2f8fce4: 2490 0000 | 00c5 7b11 | 8c24 9800 | 0000 c57b | 1194 24a0 | 0000 00c5 | 7b11 9c24 | a800 0000 
  0x000002bfe2f8fd04: c57b 11a4 | 24b0 0000 | 00c5 7b11 | ac24 b800 | 0000 c57b | 11b4 24c0 | 0000 00c5 | 7b11 bc24 
  0x000002bfe2f8fd24: c800 0000 | 498b d748 | 8bc8 4883 | ec20 40f6 | c40f 0f84 | 1900 0000 | 4883 ec08 

  0x000002bfe2f8fd40: ;   {runtime_call}
  0x000002bfe2f8fd40: 48b8 b022 | cbc1 fc7f | 0000 ffd0 | 4883 c408 | e90c 0000 

  0x000002bfe2f8fd54: ;   {runtime_call}
  0x000002bfe2f8fd54: 0048 b8b0 | 22cb c1fc | 7f00 00ff | d048 83c4 | 20c5 7b10 | bc24 c800 | 0000 c57b | 10b4 24c0 
  0x000002bfe2f8fd74: 0000 00c5 | 7b10 ac24 | b800 0000 | c57b 10a4 | 24b0 0000 | 00c5 7b10 | 9c24 a800 | 0000 c57b 
  0x000002bfe2f8fd94: 1094 24a0 | 0000 00c5 | 7b10 8c24 | 9800 0000 | c57b 1084 | 2490 0000 | 00c5 fb10 | bc24 8800 
  0x000002bfe2f8fdb4: 0000 c5fb | 10b4 2480 | 0000 00c5 | fb10 6c24 | 78c5 fb10 | 6424 70c5 | fb10 5c24 | 68c5 fb10 
  0x000002bfe2f8fdd4: 5424 60c5 | fb10 4c24 | 58c5 fb10 | 4424 504c | 8b5c 2440 | 4c8b 5424 | 384c 8b4c | 2430 4c8b 
  0x000002bfe2f8fdf4: 4424 2848 | 8b7c 2420 | 488b 7424 | 1848 8b54 | 2410 488b | 4c24 0848 | 8b04 2448 | 81c4 d000 
  0x000002bfe2f8fe14: 0000 c5f8 | 7749 8b8f | 2804 0000 | c781 0001 | 0000 0000 | 0000 c949 | 837f 0800 | 0f85 0100 
  0x000002bfe2f8fe34: ;   {runtime_call StubRoutines (initial stubs)}
  0x000002bfe2f8fe34: 0000 c3e9 | c410 edff | c5f8 7748 | 8945 f84c | 8be4 4883 | ec20 4883 

  0x000002bfe2f8fe4c: ;   {runtime_call}
  0x000002bfe2f8fe4c: e4f0 48b8 | 6023 0cc2 | fc7f 0000 | ffd0 498b | e44d 33e4 | 488b 45f8 | e930 fdff | fff4 f4f4 
  0x000002bfe2f8fe6c: f4f4 f4f4 
[/MachCode]


Compiled method (n/a)  417106 6813     n 0       jdk.internal.vm.Continuation::enterSpecial (native)
 total in heap  [0x000002bfe3caaa10,0x000002bfe3caadb0] = 928
 relocation     [0x000002bfe3caab70,0x000002bfe3caab98] = 40
 main code      [0x000002bfe3caaba0,0x000002bfe3caad90] = 496
 stub code      [0x000002bfe3caad90,0x000002bfe3caadb0] = 32

[Constant Pool (empty)]

[MachCode]
[Entry Point]
  # {method} {0x000002bf8007d3e8} 'enterSpecial' '(Ljdk/internal/vm/Continuation;ZZ)V' in 'jdk/internal/vm/Continuation'
  # parm0:    rdx:rdx   = 'jdk/internal/vm/Continuation'
  # parm1:    r8        = boolean
  # parm2:    r9        = boolean
  #           [sp+0x50]  (sp of caller)
  0x000002bfe3caaba0: 5848 8b54 | 2410 448b | 4424 0844 | 8b0c 2448 | 83e4 f050 | 493b a740 | 0500 0076 | 0749 89a7 
  0x000002bfe3caabc0: 4005 0000 | 5548 8bec | 4883 ec40 | 498b 8738 | 0500 0048 | 8944 2408 | 4989 a738 | 0500 0048 
  0x000002bfe3caabe0: 8954 2410 | 4489 4c24 | 2048 c744 | 2418 0000 | 0000 c744 | 2424 0000 | 0000 c744 | 2438 0000 
  0x000002bfe3caac00: 0000 498b | 8740 0500 | 0048 8944 | 2428 498b | 8750 0500 | 0048 8944 | 2430 49c7 | 8740 0500 
  0x000002bfe3caac20: 0000 0000 | 0049 c787 | 5005 0000 | 0000 0000 | 4d85 c00f | 85ad 0000 | 0066 0f1f 

  0x000002bfe3caac3c: ;   {static_call}
  0x000002bfe3caac3c: 4400 00e8 | 3c44 20ff 

  0x000002bfe3caac44: ;   {other}
  0x000002bfe3caac44: 0f1f 8400 | 3402 0000 | e9a2 0000 | 0066 6666 | 0f1f 8400 | 0000 0000 | 6666 6690 
[Verified Entry Point]
  0x000002bfe3caac60: 5548 8bec | 4883 ec40 | 498b 8738 | 0500 0048 | 8944 2408 | 4989 a738 | 0500 0048 | 8954 2410 
  0x000002bfe3caac80: 4489 4c24 | 2048 c744 | 2418 0000 | 0000 c744 | 2424 0000 | 0000 c744 | 2438 0000 | 0000 498b 
  0x000002bfe3caaca0: 8740 0500 | 0048 8944 | 2428 498b | 8750 0500 | 0048 8944 | 2430 49c7 | 8740 0500 | 0000 0000 
  0x000002bfe3caacc0: 0049 c787 | 5005 0000 | 0000 0000 | 4d85 c075 | 1566 0f1f 

  0x000002bfe3caacd4: ;   {static_call}
  0x000002bfe3caacd4: 4400 00e8 | c300 0000 

  0x000002bfe3caacdc: ;   {other}
  0x000002bfe3caacdc: 0f1f 8400 | cc02 0001 

  0x000002bfe3caace4: ;   {runtime_call StubRoutines (continuation stubs)}
  0x000002bfe3caace4: eb0d e895 

  0x000002bfe3caace8: ; ImmutableOopMap {}
                      ;   {other}
  0x000002bfe3caace8: bf1b ff0f | 1f84 00db | 0200 0248 | 8b5c 2428 | 4989 9f40 | 0500 0048 | 8b5c 2430 | 4989 9f50 
  0x000002bfe3caad08: 0500 0048 | 8b5c 2408 | 4989 9f38 | 0500 0048 | 83c4 405d | c348 8b5c | 2428 4989 | 9f40 0500 
  0x000002bfe3caad28: 0048 8b5c | 2430 4989 | 9f50 0500 | 0048 8b5c | 2408 4989 | 9f38 0500 | 0048 83c4 | 405d 498b 
  0x000002bfe3caad48: cf48 8b14 | 2450 4883 | ec20 40f6 | c40f 0f84 | 1900 0000 | 4883 ec08 

  0x000002bfe3caad60: ;   {runtime_call}
  0x000002bfe3caad60: 48b8 f0eb | 0bc2 fc7f | 0000 ffd0 | 4883 c408 | e90c 0000 

  0x000002bfe3caad74: ;   {runtime_call}
  0x000002bfe3caad74: 0048 b8f0 | eb0b c2fc | 7f00 00ff | d048 83c4 | 2048 8bd8 | 585a ffe3 | f4f4 f4f4 
[Stub Code]
  0x000002bfe3caad90: ;   {no_reloc}
  0x000002bfe3caad90: 48bb 0000 | 0000 0000 

  0x000002bfe3caad98: ;   {runtime_call}
  0x000002bfe3caad98: 0000 e9fb 

  0x000002bfe3caad9c: ;   {static_stub}
  0x000002bfe3caad9c: ffff ff48 | bb88 d307 | 80bf 0200 

  0x000002bfe3caada8: ;   {runtime_call I2C/C2I adapters}
  0x000002bfe3caada8: 00e9 b98f | 20ff f4f4 
[/MachCode]


Compiled method (c1)  417138 7905       1       java.util.concurrent.ForkJoinPool$WorkQueue::topLevelExec (83 bytes)
 total in heap  [0x000002bfe3dc7690,0x000002bfe3dc7d40] = 1712
 relocation     [0x000002bfe3dc77f0,0x000002bfe3dc7858] = 104
 main code      [0x000002bfe3dc7860,0x000002bfe3dc7b28] = 712
 stub code      [0x000002bfe3dc7b28,0x000002bfe3dc7b88] = 96
 metadata       [0x000002bfe3dc7b88,0x000002bfe3dc7ba8] = 32
 scopes data    [0x000002bfe3dc7ba8,0x000002bfe3dc7c68] = 192
 scopes pcs     [0x000002bfe3dc7c68,0x000002bfe3dc7d18] = 176
 dependencies   [0x000002bfe3dc7d18,0x000002bfe3dc7d28] = 16
 nul chk table  [0x000002bfe3dc7d28,0x000002bfe3dc7d40] = 24

[Constant Pool (empty)]

[MachCode]
[Entry Point]
  # {method} {0x000002bf80312ae8} 'topLevelExec' '(Ljava/util/concurrent/ForkJoinTask;Ljava/util/concurrent/ForkJoinPool$WorkQueue;)V' in 'java/util/concurrent/ForkJoinPool$WorkQueue'
  # this:     rdx:rdx   = 'java/util/concurrent/ForkJoinPool$WorkQueue'
  # parm0:    r8:r8     = 'java/util/concurrent/ForkJoinTask'
  # parm1:    r9:r9     = 'java/util/concurrent/ForkJoinPool$WorkQueue'
  #           [sp+0xa0]  (sp of caller)
  0x000002bfe3dc7860: 448b 5208 | 49bb 0000 | 0080 bf02 | 0000 4d03 | d34c 3bd0 

  0x000002bfe3dc7874: ;   {runtime_call ic_miss_stub}
  0x000002bfe3dc7874: 0f85 066f | 0eff 660f | 1f44 0000 
[Verified Entry Point]
  0x000002bfe3dc7880: 8984 2400 | 80ff ff55 | 4881 ec90 | 0000 0090 | 4181 7f20 | 0700 0000 

  0x000002bfe3dc7898: ;   {runtime_call StubRoutines (final stubs)}
  0x000002bfe3dc7898: 7405 e8c1 | d40c ff48 | 8954 2458 | 4c89 4c24 | 608b 7210 | 8974 2470 | 488b fe81 | e700 0001 
  0x000002bfe3dc78b8: 0089 7c24 | 50bb 0100 | 0000 895c | 2454 6690 | 4983 f800 | 0f84 c400 | 0000 493b | 0049 8bd0 
  0x000002bfe3dc78d8: 4c89 4424 

  0x000002bfe3dc78dc: ;   {optimized virtual_call}
  0x000002bfe3dc78dc: 6866 90e8 

  0x000002bfe3dc78e0: ; ImmutableOopMap {[88]=Oop [96]=Oop [104]=Oop }
                      ;*invokevirtual doExec {reexecute=0 rethrow=0 return_oop=0}
                      ; - java.util.concurrent.ForkJoinPool$WorkQueue::topLevelExec@19 (line 1312)
  0x000002bfe3dc78e0: 4402 0000 

  0x000002bfe3dc78e4: ;   {other}
  0x000002bfe3dc78e4: 0f1f 8400 | 5402 0000 | 448b 4424 | 5048 8b54 

  0x000002bfe3dc78f4: ;   {optimized virtual_call}
  0x000002bfe3dc78f4: 2458 90e8 

  0x000002bfe3dc78f8: ; ImmutableOopMap {[88]=Oop [96]=Oop [104]=Oop }
                      ;*invokevirtual nextLocalTask {reexecute=0 rethrow=0 return_oop=0}
                      ; - java.util.concurrent.ForkJoinPool$WorkQueue::topLevelExec@26 (line 1313)
  0x000002bfe3dc78f8: 3b02 0000 

  0x000002bfe3dc78fc: ;   {other}
  0x000002bfe3dc78fc: 0f1f 8400 | 6c02 0001 | 4d8b 9758 

  0x000002bfe3dc7908: ; ImmutableOopMap {rax=Oop [88]=Oop [96]=Oop }
                      ;*ifnonnull {reexecute=1 rethrow=0 return_oop=0}
                      ; - (reexecute) java.util.concurrent.ForkJoinPool$WorkQueue::topLevelExec@31 (line 1313)
                      ;   {poll}
  0x000002bfe3dc7908: 0400 0041 | 8502 4883 | f800 0f85 | 5a00 0000 | 4c8b 4c24 | 604d 8b97 

  0x000002bfe3dc7920: ; ImmutableOopMap {rax=Oop r9=Oop [88]=Oop [96]=Oop }
                      ;*ifnull {reexecute=1 rethrow=0 return_oop=0}
                      ; - (reexecute) java.util.concurrent.ForkJoinPool$WorkQueue::topLevelExec@35 (line 1313)
  0x000002bfe3dc7920: 5804 0000 

  0x000002bfe3dc7924: ;   {poll}
  0x000002bfe3dc7924: 4185 0249 | 83f9 0048 | 8944 2478 | 0f84 3200 | 0000 493b | 0149 8bd1 

  0x000002bfe3dc793c: ;   {optimized virtual_call}
  0x000002bfe3dc793c: 6666 90e8 

  0x000002bfe3dc7940: ; ImmutableOopMap {[88]=Oop [96]=Oop [120]=Oop }
                      ;*invokevirtual tryPoll {reexecute=0 rethrow=0 return_oop=0}
                      ; - java.util.concurrent.ForkJoinPool$WorkQueue::topLevelExec@39 (line 1314)
  0x000002bfe3dc7940: 0202 0000 

  0x000002bfe3dc7944: ;   {other}
  0x000002bfe3dc7944: 0f1f 8400 | b402 0004 | 4d8b 9758 

  0x000002bfe3dc7950: ; ImmutableOopMap {rax=Oop [88]=Oop [96]=Oop }
                      ;*ifnull {reexecute=1 rethrow=0 return_oop=0}
                      ; - (reexecute) java.util.concurrent.ForkJoinPool$WorkQueue::topLevelExec@44 (line 1314)
                      ;   {poll}
  0x000002bfe3dc7950: 0400 0041 | 8502 4883 | f800 0f85 | 1a00 0000 | 4c8b c0e9 | 60ff ffff | 4c8b 4424 | 78e9 56ff 
  0x000002bfe3dc7970: ffff 4c8b | c0e9 4eff | ffff 8b5c | 2454 ffc3 | 4d8b 9758 

  0x000002bfe3dc7984: ; ImmutableOopMap {rax=Oop [88]=Oop [96]=Oop }
                      ;*goto {reexecute=1 rethrow=0 return_oop=0}
                      ; - (reexecute) java.util.concurrent.ForkJoinPool$WorkQueue::topLevelExec@50 (line 1315)
                      ;   {poll}
  0x000002bfe3dc7984: 0400 0041 | 8502 4c8b | c089 5c24 | 54e9 32ff | ffff 8b5c | 2454 8b74 | 2470 488b | 5424 588b 
  0x000002bfe3dc79a4: bab0 0000 | 0003 fb89 | bab0 0000 | 00bf 0000 | 0000 89ba | ac00 0000 | f083 4424 | c000 81e6 
  0x000002bfe3dc79c4: 0000 0400 | 83fe 000f | 8492 0000 | 0049 8bb7 | 8003 0000 

  0x000002bfe3dc79d8: ;   {oop(nullptr)}
  0x000002bfe3dc79d8: 488b 3648 | bf00 0000 | 0000 0000 | 0048 bb4c | 0000 0000 | 0000 0048 | 8d1c 1e41 | 0fbe 4740 
  0x000002bfe3dc79f8: 83f8 000f | 8582 0000 | 004c 8bd7 | 49c1 ea03 | 4489 1348 | 8bc3 4833 | c748 c1e8 | 1548 83f8 
  0x000002bfe3dc7a18: 000f 8582 

  0x000002bfe3dc7a1c: ;   {oop(nullptr)}
  0x000002bfe3dc7a1c: 0000 0048 | bf00 0000 | 0000 0000 | 0048 bb50 | 0000 0000 | 0000 0048 | 8d34 1e41 | 0fbe 5f40 
  0x000002bfe3dc7a3c: 83fb 000f | 8574 0000 | 004c 8bd7 | 49c1 ea03 | 4489 1648 | 8bde 4833 | df48 c1eb | 1548 83fb 
  0x000002bfe3dc7a5c: 000f 8570 | 0000 0048 | 81c4 9000 

  0x000002bfe3dc7a68: ;   {poll_return}
  0x000002bfe3dc7a68: 0000 5d49 | 3ba7 5004 | 0000 0f87 | 6f00 0000 

  0x000002bfe3dc7a78: ;   {runtime_call throw_null_pointer_exception Runtime1 stub}
  0x000002bfe3dc7a78: c3e8 02da 

  0x000002bfe3dc7a7c: ; ImmutableOopMap {r8=Oop [88]=Oop [96]=Oop }
                      ;*invokevirtual doExec {reexecute=0 rethrow=0 return_oop=0}
                      ; - java.util.concurrent.ForkJoinPool$WorkQueue::topLevelExec@19 (line 1312)
                      ;   {runtime_call throw_null_pointer_exception Runtime1 stub}
  0x000002bfe3dc7a7c: 1aff e8fd 

  0x000002bfe3dc7a80: ; ImmutableOopMap {r9=Oop [88]=Oop [96]=Oop [120]=Oop }
                      ;*invokevirtual tryPoll {reexecute=0 rethrow=0 return_oop=0}
                      ; - java.util.concurrent.ForkJoinPool$WorkQueue::topLevelExec@39 (line 1314)
  0x000002bfe3dc7a80: d91a ff8b | 0348 c1e0 | 0348 83f8 | 000f 846e | ffff ff48 

  0x000002bfe3dc7a94: ;   {runtime_call g1_pre_barrier_slow}
  0x000002bfe3dc7a94: 8904 24e8 | e430 1bff | e960 ffff | ff48 83ff | 000f 8474 | ffff ff48 

  0x000002bfe3dc7aac: ;   {runtime_call g1_post_barrier_slow}
  0x000002bfe3dc7aac: 891c 24e8 | cc33 1bff | e966 ffff | ff8b 1e48 | c1e3 0348 | 83fb 0074 | 8048 891c 

  0x000002bfe3dc7ac8: ;   {runtime_call g1_pre_barrier_slow}
  0x000002bfe3dc7ac8: 24e8 b230 | 1bff e972 | ffff ff48 | 83ff 0074 | 8a48 8934 

  0x000002bfe3dc7adc: ;   {runtime_call g1_post_barrier_slow}
  0x000002bfe3dc7adc: 24e8 9e33 | 1bff e97c 

  0x000002bfe3dc7ae4: ;   {internal_word}
  0x000002bfe3dc7ae4: ffff ff49 | ba6b 7adc | e3bf 0200 | 004d 8997 | 6804 0000 

  0x000002bfe3dc7af8: ;   {runtime_call SafepointBlob}
  0x000002bfe3dc7af8: e903 dc0e | ff49 8b87 | 0005 0000 | 49c7 8700 | 0500 0000 | 0000 0049 | c787 0805 | 0000 0000 
  0x000002bfe3dc7b18: 0000 4881 | c490 0000 

  0x000002bfe3dc7b20: ;   {runtime_call unwind_exception Runtime1 stub}
  0x000002bfe3dc7b20: 005d e959 | ca1a fff4 
[Stub Code]
  0x000002bfe3dc7b28: ;   {no_reloc}
  0x000002bfe3dc7b28: 48bb 208b | 1280 bf02 

  0x000002bfe3dc7b30: ;   {runtime_call I2C/C2I adapters}
  0x000002bfe3dc7b30: 0000 e92c 

  0x000002bfe3dc7b34: ;   {static_stub}
  0x000002bfe3dc7b34: b90e ff48 | bb30 2a31 | 80bf 0200 

  0x000002bfe3dc7b40: ;   {runtime_call I2C/C2I adapters}
  0x000002bfe3dc7b40: 00e9 21c2 

  0x000002bfe3dc7b44: ;   {static_stub}
  0x000002bfe3dc7b44: 0eff 48bb | f02c 3180 | bf02 0000 

  0x000002bfe3dc7b50: ;   {runtime_call I2C/C2I adapters}
  0x000002bfe3dc7b50: e90e b90e 

  0x000002bfe3dc7b54: ;   {runtime_call handle_exception_from_callee Runtime1 stub}
  0x000002bfe3dc7b54: ffe8 26f7 

  0x000002bfe3dc7b58: ;   {external_word}
  0x000002bfe3dc7b58: 1aff 48b9 | 0028 33c2 | fc7f 0000 | 4883 e4f0 

  0x000002bfe3dc7b68: ;   {runtime_call}
  0x000002bfe3dc7b68: 48b8 e00f | fbc1 fc7f | 0000 ffd0 

  0x000002bfe3dc7b74: ;   {section_word}
  0x000002bfe3dc7b74: f449 ba75 | 7bdc e3bf | 0200 0041 

  0x000002bfe3dc7b80: ;   {runtime_call DeoptimizationBlob}
  0x000002bfe3dc7b80: 52e9 1ace | 0eff f4f4 
[/MachCode]


---------------  P R O C E S S  ---------------

Threads class SMR info:
_java_thread_list=0x000002bff50338e0, length=36, elements={
0x000002bfee29ab30, 0x000002bfee29bc00, 0x000002bfee29ece0, 0x000002bfee2a2b60,
0x000002bfee2a35c0, 0x000002bfee2a4020, 0x000002bfee2a4a80, 0x000002bfee348ac0,
0x000002bfee45bca0, 0x000002bfee45f560, 0x000002bfee45fbe0, 0x000002bfee460400,
0x000002bfeedeef90, 0x000002bff390b820, 0x000002bfee462990, 0x000002bff3d6d890,
0x000002bff3d6f960, 0x000002bff3d6df20, 0x000002bff3d6e5b0, 0x000002bff3d6f2d0,
0x000002bff48eab40, 0x000002bff48e48d0, 0x000002bff48e5c80, 0x000002bff48e7030,
0x000002bff48e76c0, 0x000002bff48ea4b0, 0x000002bff50f9c50, 0x000002bff50f7b80,
0x000002bff50f88a0, 0x000002bff50f5ab0, 0x000002bff50f2cc0, 0x000002bff50f3350,
0x000002bff50fa2e0, 0x000002bff50f5420, 0x000002bff50f4070, 0x000002bff50f6140
}

Java Threads: ( => current thread )
  0x000002bfee29ab30 JavaThread "Reference Handler"          daemon [_thread_blocked, id=15724, stack(0x000000d6f2400000,0x000000d6f2500000) (1024K)]
  0x000002bfee29bc00 JavaThread "Finalizer"                  daemon [_thread_blocked, id=18212, stack(0x000000d6f2500000,0x000000d6f2600000) (1024K)]
  0x000002bfee29ece0 JavaThread "Signal Dispatcher"          daemon [_thread_blocked, id=19104, stack(0x000000d6f2600000,0x000000d6f2700000) (1024K)]
  0x000002bfee2a2b60 JavaThread "Attach Listener"            daemon [_thread_blocked, id=17148, stack(0x000000d6f2700000,0x000000d6f2800000) (1024K)]
  0x000002bfee2a35c0 JavaThread "Service Thread"             daemon [_thread_blocked, id=11120, stack(0x000000d6f2800000,0x000000d6f2900000) (1024K)]
  0x000002bfee2a4020 JavaThread "Monitor Deflation Thread"   daemon [_thread_blocked, id=12980, stack(0x000000d6f2900000,0x000000d6f2a00000) (1024K)]
  0x000002bfee2a4a80 JavaThread "C1 CompilerThread0"         daemon [_thread_blocked, id=18824, stack(0x000000d6f2a00000,0x000000d6f2b00000) (1024K)]
  0x000002bfee348ac0 JavaThread "Common-Cleaner"             daemon [_thread_blocked, id=11940, stack(0x000000d6f2b00000,0x000000d6f2c00000) (1024K)]
  0x000002bfee45bca0 JavaThread "JDWP Transport Listener: dt_socket" daemon [_thread_blocked, id=11184, stack(0x000000d6f2f00000,0x000000d6f3000000) (1024K)]
  0x000002bfee45f560 JavaThread "JDWP Event Helper Thread"   daemon [_thread_blocked, id=16488, stack(0x000000d6f3000000,0x000000d6f3100000) (1024K)]
  0x000002bfee45fbe0 JavaThread "JDWP Command Reader"        daemon [_thread_in_native, id=12524, stack(0x000000d6f3100000,0x000000d6f3200000) (1024K)]
  0x000002bfee460400 JavaThread "Notification Thread"        daemon [_thread_blocked, id=13948, stack(0x000000d6f3200000,0x000000d6f3300000) (1024K)]
  0x000002bfeedeef90 JavaThread "RMI TCP Accept-0"           daemon [_thread_in_native, id=9736, stack(0x000000d6f3300000,0x000000d6f3400000) (1024K)]
  0x000002bff390b820 JavaThread "RMI Scheduler(0)"           daemon [_thread_blocked, id=18076, stack(0x000000d6f3c00000,0x000000d6f3d00000) (1024K)]
  0x000002bfee462990 JavaThread "Catalina-utility-1"                [_thread_blocked, id=17756, stack(0x000000d6f3e00000,0x000000d6f3f00000) (1024K)]
  0x000002bff3d6d890 JavaThread "Catalina-utility-2"                [_thread_blocked, id=13900, stack(0x000000d6f3f00000,0x000000d6f4000000) (1024K)]
  0x000002bff3d6f960 JavaThread "container-0"                       [_thread_blocked, id=15932, stack(0x000000d6f4000000,0x000000d6f4100000) (1024K)]
  0x000002bff3d6df20 JavaThread "oracle.jdbc.driver.BlockSource.ThreadedCachingBlockSource.BlockReleaser" daemon [_thread_blocked, id=12320, stack(0x000000d6f4100000,0x000000d6f4200000) (1024K)]
  0x000002bff3d6e5b0 JavaThread "InterruptTimer"             daemon [_thread_blocked, id=9336, stack(0x000000d6f4200000,0x000000d6f4300000) (1024K)]
  0x000002bff3d6f2d0 JavaThread "fesConnPool housekeeper"    daemon [_thread_blocked, id=16760, stack(0x000000d6f4400000,0x000000d6f4500000) (1024K)]
  0x000002bff48eab40 JavaThread "epcConnPool housekeeper"    daemon [_thread_blocked, id=12084, stack(0x000000d6f4600000,0x000000d6f4700000) (1024K)]
  0x000002bff48e48d0 JavaThread "fesCrmConnPool housekeeper" daemon [_thread_blocked, id=16440, stack(0x000000d6f4700000,0x000000d6f4800000) (1024K)]
  0x000002bff48e5c80 JavaThread "http-nio-8080-Poller"       daemon [_thread_in_native, id=13072, stack(0x000000d6f4a00000,0x000000d6f4b00000) (1024K)]
  0x000002bff48e7030 JavaThread "http-nio-8080-Acceptor"     daemon [_thread_in_native, id=13812, stack(0x000000d6f4b00000,0x000000d6f4c00000) (1024K)]
  0x000002bff48e76c0 JavaThread "DestroyJavaVM"                     [_thread_blocked, id=11584, stack(0x000000d6f1c00000,0x000000d6f1d00000) (1024K)]
  0x000002bff48ea4b0 JavaThread "ForkJoinPool-1-worker-5"    daemon [_thread_blocked, id=17560, stack(0x000000d6f5200000,0x000000d6f5300000) (1024K)]
=>0x000002bff50f9c50 JavaThread "ForkJoinPool-1-worker-8"    daemon [_thread_in_vm, id=10644, stack(0x000000d6f5500000,0x000000d6f5600000) (1024K)]
  0x000002bff50f7b80 JavaThread "Read-Poller"                daemon [_thread_in_native, id=14612, stack(0x000000d6f5600000,0x000000d6f5700000) (1024K)]
  0x000002bff50f88a0 JavaThread "Read-Updater"               daemon [_thread_blocked, id=14988, stack(0x000000d6f5700000,0x000000d6f5800000) (1024K)]
  0x000002bff50f5ab0 JavaThread "Write-Poller"               daemon [_thread_in_native, id=6564, stack(0x000000d6f5800000,0x000000d6f5900000) (1024K)]
  0x000002bff50f2cc0 JavaThread "Write-Updater"              daemon [_thread_blocked, id=6512, stack(0x000000d6f5900000,0x000000d6f5a00000) (1024K)]
  0x000002bff50f3350 JavaThread "ForkJoinPool-1-worker-9"    daemon [_thread_blocked, id=6208, stack(0x000000d6f1900000,0x000000d6f1a00000) (1024K)]
  0x000002bff50fa2e0 JavaThread "ForkJoinPool-1-worker-10"   daemon [_thread_blocked, id=17976, stack(0x000000d6f1a00000,0x000000d6f1b00000) (1024K)]
  0x000002bff50f5420 JavaThread "ForkJoinPool-1-worker-11"   daemon [_thread_blocked, id=16296, stack(0x000000d6f1b00000,0x000000d6f1c00000) (1024K)]
  0x000002bff50f4070 JavaThread "ForkJoinPool-1-worker-12"   daemon [_thread_blocked, id=3084, stack(0x000000d6f2c00000,0x000000d6f2d00000) (1024K)]
  0x000002bff50f6140 JavaThread "ForkJoinPool-1-worker-13"   daemon [_thread_blocked, id=13480, stack(0x000000d6f3b00000,0x000000d6f3c00000) (1024K)]
Total: 36

Other Threads:
  0x000002bfee27e1b0 VMThread "VM Thread"                           [id=17972, stack(0x000000d6f2300000,0x000000d6f2400000) (1024K)]
  0x000002bfedae6830 WatcherThread "VM Periodic Task Thread"        [id=12724, stack(0x000000d6f2200000,0x000000d6f2300000) (1024K)]
  0x000002bfda7569b0 WorkerThread "GC Thread#0"                     [id=14820, stack(0x000000d6f1d00000,0x000000d6f1e00000) (1024K)]
  0x000002bff3182870 WorkerThread "GC Thread#1"                     [id=18472, stack(0x000000d6f3400000,0x000000d6f3500000) (1024K)]
  0x000002bff319b9c0 WorkerThread "GC Thread#2"                     [id=9672, stack(0x000000d6f3500000,0x000000d6f3600000) (1024K)]
  0x000002bff31464c0 WorkerThread "GC Thread#3"                     [id=12812, stack(0x000000d6f3600000,0x000000d6f3700000) (1024K)]
  0x000002bff3146c70 WorkerThread "GC Thread#4"                     [id=16212, stack(0x000000d6f3700000,0x000000d6f3800000) (1024K)]
  0x000002bff319fd70 WorkerThread "GC Thread#5"                     [id=10120, stack(0x000000d6f3800000,0x000000d6f3900000) (1024K)]
  0x000002bff31c53c0 WorkerThread "GC Thread#6"                     [id=2456, stack(0x000000d6f3900000,0x000000d6f3a00000) (1024K)]
  0x000002bff31c5760 WorkerThread "GC Thread#7"                     [id=17008, stack(0x000000d6f3a00000,0x000000d6f3b00000) (1024K)]
  0x000002bfda767b40 ConcurrentGCThread "G1 Main Marker"            [id=14392, stack(0x000000d6f1e00000,0x000000d6f1f00000) (1024K)]
  0x000002bfda768de0 WorkerThread "G1 Conc#0"                       [id=13504, stack(0x000000d6f1f00000,0x000000d6f2000000) (1024K)]
  0x000002bff3430d90 WorkerThread "G1 Conc#1"                       [id=14728, stack(0x000000d6f3d00000,0x000000d6f3e00000) (1024K)]
  0x000002bfed9a8e90 ConcurrentGCThread "G1 Refine#0"               [id=18664, stack(0x000000d6f2000000,0x000000d6f2100000) (1024K)]
  0x000002bfed9a9810 ConcurrentGCThread "G1 Service"                [id=2512, stack(0x000000d6f2100000,0x000000d6f2200000) (1024K)]
Total: 15

Threads with active compile tasks:
Total: 0

VM state: not at safepoint (normal execution)

VM Mutex/Monitor currently owned by a thread: None

Heap address: 0x0000000700000000, size: 4096 MB, Compressed Oops mode: Zero based, Oop shift amount: 3

CDS archive(s) mapped at: [0x000002bf80000000-0x000002bf80c90000-0x000002bf80c90000), size 13172736, SharedBaseAddress: 0x000002bf80000000, ArchiveRelocationMode: 1.
Compressed class space mapped at: 0x000002bf81000000-0x000002bfc1000000, reserved size: 1073741824
Narrow klass base: 0x000002bf80000000, Narrow klass shift: 0, Narrow klass range: 0x100000000

GC Precious Log:
 CardTable entry size: 512
 Card Set container configuration: InlinePtr #cards 4 size 8 Array Of Cards #cards 16 size 48 Howl #buckets 8 coarsen threshold 3686 Howl Bitmap #cards 512 size 80 coarsen threshold 460 Card regions per heap region 1 cards per card region 4096
 CPUs: 8 total, 8 available
 Memory: 16383M
 Large Page Support: Disabled
 NUMA Support: Disabled
 Compressed Oops: Enabled (Zero based)
 Heap Region Size: 2M
 Heap Min Capacity: 8M
 Heap Initial Capacity: 256M
 Heap Max Capacity: 4G
 Pre-touch: Disabled
 Parallel Workers: 8
 Concurrent Workers: 2
 Concurrent Refinement Workers: 8
 Periodic GC: Disabled

Heap:
 garbage-first heap   total 81920K, used 68241K [0x0000000700000000, 0x0000000800000000)
  region size 2048K, 15 young (30720K), 2 survivors (4096K)
 Metaspace       used 53758K, committed 54720K, reserved 1114112K
  class space    used 6877K, committed 7360K, reserved 1048576K

Heap Regions: E=young(eden), S=young(survivor), O=old, HS=humongous(starts), HC=humongous(continues), CS=collection set, F=free, TAMS=top-at-mark-start, PB=parsable bottom
|   0|0x0000000700000000, 0x0000000700200000, 0x0000000700200000|100%| O|  |TAMS 0x0000000700000000| PB 0x0000000700000000| Untracked 
|   1|0x0000000700200000, 0x0000000700400000, 0x0000000700400000|100%| O|  |TAMS 0x0000000700200000| PB 0x0000000700200000| Untracked 
|   2|0x0000000700400000, 0x0000000700600000, 0x0000000700600000|100%| O|  |TAMS 0x0000000700400000| PB 0x0000000700400000| Untracked 
|   3|0x0000000700600000, 0x0000000700800000, 0x0000000700800000|100%| O|  |TAMS 0x0000000700600000| PB 0x0000000700600000| Untracked 
|   4|0x0000000700800000, 0x0000000700a00000, 0x0000000700a00000|100%| O|  |TAMS 0x0000000700800000| PB 0x0000000700800000| Untracked 
|   5|0x0000000700a00000, 0x0000000700c00000, 0x0000000700c00000|100%| O|  |TAMS 0x0000000700a00000| PB 0x0000000700a00000| Untracked 
|   6|0x0000000700c00000, 0x0000000700e00000, 0x0000000700e00000|100%| O|  |TAMS 0x0000000700c00000| PB 0x0000000700c00000| Untracked 
|   7|0x0000000700e00000, 0x0000000701000000, 0x0000000701000000|100%| O|  |TAMS 0x0000000700e00000| PB 0x0000000700e00000| Untracked 
|   8|0x0000000701000000, 0x0000000701200000, 0x0000000701200000|100%| O|  |TAMS 0x0000000701000000| PB 0x0000000701000000| Untracked 
|   9|0x0000000701200000, 0x0000000701400000, 0x0000000701400000|100%| O|  |TAMS 0x0000000701200000| PB 0x0000000701200000| Untracked 
|  10|0x0000000701400000, 0x0000000701600000, 0x0000000701600000|100%| O|  |TAMS 0x0000000701400000| PB 0x0000000701400000| Untracked 
|  11|0x0000000701600000, 0x0000000701800000, 0x0000000701800000|100%| O|  |TAMS 0x0000000701600000| PB 0x0000000701600000| Untracked 
|  12|0x0000000701800000, 0x0000000701a00000, 0x0000000701a00000|100%| O|  |TAMS 0x0000000701800000| PB 0x0000000701800000| Untracked 
|  13|0x0000000701a00000, 0x0000000701c00000, 0x0000000701c00000|100%| O|  |TAMS 0x0000000701a00000| PB 0x0000000701a00000| Untracked 
|  14|0x0000000701c00000, 0x0000000701e00000, 0x0000000701e00000|100%| O|  |TAMS 0x0000000701c00000| PB 0x0000000701c00000| Untracked 
|  15|0x0000000701e00000, 0x0000000702000000, 0x0000000702000000|100%| O|  |TAMS 0x0000000701e00000| PB 0x0000000701e00000| Untracked 
|  16|0x0000000702000000, 0x0000000702200000, 0x0000000702200000|100%| O|  |TAMS 0x0000000702000000| PB 0x0000000702000000| Untracked 
|  17|0x0000000702200000, 0x0000000702400000, 0x0000000702400000|100%| O|  |TAMS 0x0000000702200000| PB 0x0000000702200000| Untracked 
|  18|0x0000000702400000, 0x0000000702600000, 0x0000000702600000|100%| O|  |TAMS 0x0000000702400000| PB 0x0000000702400000| Untracked 
|  19|0x0000000702600000, 0x0000000702600000, 0x0000000702800000|  0%| F|  |TAMS 0x0000000702600000| PB 0x0000000702600000| Untracked 
|  20|0x0000000702800000, 0x0000000702a00000, 0x0000000702a00000|100%| O|  |TAMS 0x0000000702800000| PB 0x0000000702800000| Untracked 
|  21|0x0000000702a00000, 0x0000000702b64c80, 0x0000000702c00000| 69%| O|  |TAMS 0x0000000702a00000| PB 0x0000000702a00000| Untracked 
|  22|0x0000000702c00000, 0x0000000702d3fb50, 0x0000000702e00000| 62%| S|CS|TAMS 0x0000000702c00000| PB 0x0000000702c00000| Complete 
|  23|0x0000000702e00000, 0x0000000702e00000, 0x0000000703000000|  0%| F|  |TAMS 0x0000000702e00000| PB 0x0000000702e00000| Untracked 
|  24|0x0000000703000000, 0x0000000703000000, 0x0000000703200000|  0%| F|  |TAMS 0x0000000703000000| PB 0x0000000703000000| Untracked 
|  25|0x0000000703200000, 0x0000000703400000, 0x0000000703400000|100%| S|CS|TAMS 0x0000000703200000| PB 0x0000000703200000| Complete 
|  26|0x0000000703400000, 0x0000000703400000, 0x0000000703600000|  0%| F|  |TAMS 0x0000000703400000| PB 0x0000000703400000| Untracked 
|  27|0x0000000703600000, 0x00000007036c0478, 0x0000000703800000| 37%| E|  |TAMS 0x0000000703600000| PB 0x0000000703600000| Complete 
|  28|0x0000000703800000, 0x0000000703a00000, 0x0000000703a00000|100%| E|CS|TAMS 0x0000000703800000| PB 0x0000000703800000| Complete 
|  29|0x0000000703a00000, 0x0000000703c00000, 0x0000000703c00000|100%| E|CS|TAMS 0x0000000703a00000| PB 0x0000000703a00000| Complete 
|  30|0x0000000703c00000, 0x0000000703e00000, 0x0000000703e00000|100%| E|  |TAMS 0x0000000703c00000| PB 0x0000000703c00000| Complete 
|  31|0x0000000703e00000, 0x0000000704000000, 0x0000000704000000|100%| E|CS|TAMS 0x0000000703e00000| PB 0x0000000703e00000| Complete 
|  32|0x0000000704000000, 0x0000000704200000, 0x0000000704200000|100%| E|CS|TAMS 0x0000000704000000| PB 0x0000000704000000| Complete 
|  33|0x0000000704200000, 0x0000000704400000, 0x0000000704400000|100%| E|CS|TAMS 0x0000000704200000| PB 0x0000000704200000| Complete 
|  34|0x0000000704400000, 0x0000000704600000, 0x0000000704600000|100%| E|CS|TAMS 0x0000000704400000| PB 0x0000000704400000| Complete 
|  35|0x0000000704600000, 0x0000000704800000, 0x0000000704800000|100%| E|CS|TAMS 0x0000000704600000| PB 0x0000000704600000| Complete 
|  51|0x0000000706600000, 0x0000000706800000, 0x0000000706800000|100%| E|CS|TAMS 0x0000000706600000| PB 0x0000000706600000| Complete 
|  52|0x0000000706800000, 0x0000000706a00000, 0x0000000706a00000|100%| E|CS|TAMS 0x0000000706800000| PB 0x0000000706800000| Complete 
|  53|0x0000000706a00000, 0x0000000706c00000, 0x0000000706c00000|100%| E|CS|TAMS 0x0000000706a00000| PB 0x0000000706a00000| Complete 
| 127|0x000000070fe00000, 0x0000000710000000, 0x0000000710000000|100%| E|CS|TAMS 0x000000070fe00000| PB 0x000000070fe00000| Complete 

Card table byte_map: [0x000002bfe6f50000,0x000002bfe7750000] _byte_map_base: 0x000002bfe3750000

Marking Bits: (CMBitMap*) 0x000002bfda7570b0
 Bits: [0x000002bfe7750000, 0x000002bfeb750000)

Polling page: 0x000002bfd8eb0000

Metaspace:

Usage:
  Non-class:     45.78 MB used.
      Class:      6.72 MB used.
       Both:     52.50 MB used.

Virtual space:
  Non-class space:       64.00 MB reserved,      46.25 MB ( 72%) committed,  1 nodes.
      Class space:        1.00 GB reserved,       7.19 MB ( <1%) committed,  1 nodes.
             Both:        1.06 GB reserved,      53.44 MB (  5%) committed. 

Chunk freelists:
   Non-Class:  1.52 MB
       Class:  8.86 MB
        Both:  10.38 MB

MaxMetaspaceSize: unlimited
CompressedClassSpaceSize: 1.00 GB
Initial GC threshold: 21.00 MB
Current GC threshold: 76.25 MB
CDS: on
 - commit_granule_bytes: 65536.
 - commit_granule_words: 8192.
 - virtual_space_node_default_size: 8388608.
 - enlarge_chunks_in_place: 1.
 - use_allocation_guard: 0.


Internal statistics:

num_allocs_failed_limit: 6.
num_arena_births: 1434.
num_arena_deaths: 0.
num_vsnodes_births: 2.
num_vsnodes_deaths: 0.
num_space_committed: 855.
num_space_uncommitted: 0.
num_chunks_returned_to_freelist: 6.
num_chunks_taken_from_freelist: 3447.
num_chunk_merges: 6.
num_chunk_splits: 2304.
num_chunks_enlarged: 1589.
num_inconsistent_stats: 0.

CodeCache: size=49152Kb used=15008Kb max_used=16094Kb free=34143Kb
 bounds [0x000002bfe2e60000, 0x000002bfe3e70000, 0x000002bfe5e60000]
 total_blobs=8634 nmethods=7950 adapters=608
 compilation: enabled
              stopped_count=0, restarted_count=0
 full_count=0

Compilation events (20 events):
Event: 322.379 Thread 0x000002bfee2a4a80 8040       1       java.lang.StackTraceElement::getClassName (5 bytes)
Event: 322.380 Thread 0x000002bfee2a4a80 nmethod 8040 0x000002bfe3d8c090 code [0x000002bfe3d8c220, 0x000002bfe3d8c2f0]
Event: 343.227 Thread 0x000002bfee2a4a80 8041       1       ch.qos.logback.classic.spi.StackTraceElementProxy::toString (5 bytes)
Event: 343.228 Thread 0x000002bfee2a4a80 nmethod 8041 0x000002bfe3d8b410 code [0x000002bfe3d8b660, 0x000002bfe3d8bc20]
Event: 343.228 Thread 0x000002bfee2a4a80 8042       1       ch.qos.logback.classic.spi.StackTraceElementProxy::getSTEAsString (28 bytes)
Event: 343.231 Thread 0x000002bfee2a4a80 nmethod 8042 0x000002bfe3d8a910 code [0x000002bfe3d8ab40, 0x000002bfe3d8b038]
Event: 343.231 Thread 0x000002bfee2a4a80 8043       1       ch.qos.logback.classic.spi.StackTraceElementProxy::getClassPackagingData (5 bytes)
Event: 343.231 Thread 0x000002bfee2a4a80 nmethod 8043 0x000002bfe3d8a610 code [0x000002bfe3d8a7a0, 0x000002bfe3d8a870]
Event: 343.231 Thread 0x000002bfee2a4a80 8044       1       ch.qos.logback.classic.spi.ClassPackagingData::isExact (5 bytes)
Event: 343.231 Thread 0x000002bfee2a4a80 nmethod 8044 0x000002bfe3d8a310 code [0x000002bfe3d8a4a0, 0x000002bfe3d8a570]
Event: 343.231 Thread 0x000002bfee2a4a80 8045       1       ch.qos.logback.classic.spi.ClassPackagingData::getCodeLocation (5 bytes)
Event: 343.231 Thread 0x000002bfee2a4a80 nmethod 8045 0x000002bfe3d8a010 code [0x000002bfe3d8a1a0, 0x000002bfe3d8a270]
Event: 343.231 Thread 0x000002bfee2a4a80 8046       1       ch.qos.logback.classic.spi.ClassPackagingData::getVersion (5 bytes)
Event: 343.231 Thread 0x000002bfee2a4a80 nmethod 8046 0x000002bfe3d89d10 code [0x000002bfe3d89ea0, 0x000002bfe3d89f70]
Event: 372.735 Thread 0x000002bfee2a4a80 8047       1       org.apache.catalina.webresources.CachedResource::getNextCheck (5 bytes)
Event: 372.735 Thread 0x000002bfee2a4a80 nmethod 8047 0x000002bfe3d89a10 code [0x000002bfe3d89ba0, 0x000002bfe3d89c70]
Event: 372.736 Thread 0x000002bfee2a4a80 8048       1       org.apache.catalina.core.ContainerBase::getBackgroundProcessorDelay (5 bytes)
Event: 372.736 Thread 0x000002bfee2a4a80 nmethod 8048 0x000002bfe3d89710 code [0x000002bfe3d898a0, 0x000002bfe3d89968]
Event: 412.201 Thread 0x000002bfee2a4a80 8049       1       java.io.DataOutputStream::writeUTF (389 bytes)
Event: 412.203 Thread 0x000002bfee2a4a80 nmethod 8049 0x000002bfe3d87f10 code [0x000002bfe3d88160, 0x000002bfe3d88da0]

GC Heap History (20 events):
Event: 2.802 GC heap before
{Heap before GC invocations=4 (full 0):
 garbage-first heap   total 55296K, used 39108K [0x0000000700000000, 0x0000000800000000)
  region size 2048K, 16 young (32768K), 3 survivors (6144K)
 Metaspace       used 17125K, committed 17472K, reserved 1114112K
  class space    used 2182K, committed 2368K, reserved 1048576K
}
Event: 2.810 GC heap after
{Heap after GC invocations=5 (full 0):
 garbage-first heap   total 55296K, used 14885K [0x0000000700000000, 0x0000000800000000)
  region size 2048K, 2 young (4096K), 2 survivors (4096K)
 Metaspace       used 17125K, committed 17472K, reserved 1114112K
  class space    used 2182K, committed 2368K, reserved 1048576K
}
Event: 3.313 GC heap before
{Heap before GC invocations=5 (full 0):
 garbage-first heap   total 55296K, used 39461K [0x0000000700000000, 0x0000000800000000)
  region size 2048K, 14 young (28672K), 2 survivors (4096K)
 Metaspace       used 19524K, committed 19904K, reserved 1114112K
  class space    used 2422K, committed 2624K, reserved 1048576K
}
Event: 3.323 GC heap after
{Heap after GC invocations=6 (full 0):
 garbage-first heap   total 159744K, used 17408K [0x0000000700000000, 0x0000000800000000)
  region size 2048K, 2 young (4096K), 2 survivors (4096K)
 Metaspace       used 19524K, committed 19904K, reserved 1114112K
  class space    used 2422K, committed 2624K, reserved 1048576K
}
Event: 4.402 GC heap before
{Heap before GC invocations=6 (full 0):
 garbage-first heap   total 159744K, used 64512K [0x0000000700000000, 0x0000000800000000)
  region size 2048K, 26 young (53248K), 2 survivors (4096K)
 Metaspace       used 27356K, committed 27840K, reserved 1114112K
  class space    used 3524K, committed 3712K, reserved 1048576K
}
Event: 4.418 GC heap after
{Heap after GC invocations=7 (full 0):
 garbage-first heap   total 159744K, used 20961K [0x0000000700000000, 0x0000000800000000)
  region size 2048K, 3 young (6144K), 3 survivors (6144K)
 Metaspace       used 27356K, committed 27840K, reserved 1114112K
  class space    used 3524K, committed 3712K, reserved 1048576K
}
Event: 5.709 GC heap before
{Heap before GC invocations=8 (full 0):
 garbage-first heap   total 81920K, used 63969K [0x0000000700000000, 0x0000000800000000)
  region size 2048K, 24 young (49152K), 3 survivors (6144K)
 Metaspace       used 36073K, committed 36672K, reserved 1114112K
  class space    used 4525K, committed 4800K, reserved 1048576K
}
Event: 5.726 GC heap after
{Heap after GC invocations=9 (full 0):
 garbage-first heap   total 81920K, used 25374K [0x0000000700000000, 0x0000000800000000)
  region size 2048K, 3 young (6144K), 3 survivors (6144K)
 Metaspace       used 36073K, committed 36672K, reserved 1114112K
  class space    used 4525K, committed 4800K, reserved 1048576K
}
Event: 6.937 GC heap before
{Heap before GC invocations=9 (full 0):
 garbage-first heap   total 81920K, used 62238K [0x0000000700000000, 0x0000000800000000)
  region size 2048K, 22 young (45056K), 3 survivors (6144K)
 Metaspace       used 42922K, committed 43520K, reserved 1114112K
  class space    used 5318K, committed 5568K, reserved 1048576K
}
Event: 6.945 GC heap after
{Heap after GC invocations=10 (full 0):
 garbage-first heap   total 81920K, used 30196K [0x0000000700000000, 0x0000000800000000)
  region size 2048K, 3 young (6144K), 3 survivors (6144K)
 Metaspace       used 42922K, committed 43520K, reserved 1114112K
  class space    used 5318K, committed 5568K, reserved 1048576K
}
Event: 7.575 GC heap before
{Heap before GC invocations=10 (full 0):
 garbage-first heap   total 81920K, used 65012K [0x0000000700000000, 0x0000000800000000)
  region size 2048K, 20 young (40960K), 3 survivors (6144K)
 Metaspace       used 45146K, committed 45952K, reserved 1114112K
  class space    used 5638K, committed 6016K, reserved 1048576K
}
Event: 7.583 GC heap after
{Heap after GC invocations=11 (full 0):
 garbage-first heap   total 81920K, used 34250K [0x0000000700000000, 0x0000000800000000)
  region size 2048K, 2 young (4096K), 2 survivors (4096K)
 Metaspace       used 45146K, committed 45952K, reserved 1114112K
  class space    used 5638K, committed 6016K, reserved 1048576K
}
Event: 7.819 GC heap before
{Heap before GC invocations=11 (full 0):
 garbage-first heap   total 81920K, used 48586K [0x0000000700000000, 0x0000000800000000)
  region size 2048K, 10 young (20480K), 2 survivors (4096K)
 Metaspace       used 45941K, committed 46720K, reserved 1114112K
  class space    used 5746K, committed 6144K, reserved 1048576K
}
Event: 7.824 GC heap after
{Heap after GC invocations=12 (full 0):
 garbage-first heap   total 81920K, used 35942K [0x0000000700000000, 0x0000000800000000)
  region size 2048K, 1 young (2048K), 1 survivors (2048K)
 Metaspace       used 45941K, committed 46720K, reserved 1114112K
  class space    used 5746K, committed 6144K, reserved 1048576K
}
Event: 8.410 GC heap before
{Heap before GC invocations=13 (full 0):
 garbage-first heap   total 81920K, used 68710K [0x0000000700000000, 0x0000000800000000)
  region size 2048K, 17 young (34816K), 1 survivors (2048K)
 Metaspace       used 48101K, committed 48896K, reserved 1114112K
  class space    used 6153K, committed 6528K, reserved 1048576K
}
Event: 8.415 GC heap after
{Heap after GC invocations=14 (full 0):
 garbage-first heap   total 81920K, used 38819K [0x0000000700000000, 0x0000000800000000)
  region size 2048K, 3 young (6144K), 3 survivors (6144K)
 Metaspace       used 48101K, committed 48896K, reserved 1114112K
  class space    used 6153K, committed 6528K, reserved 1048576K
}
Event: 9.792 GC heap before
{Heap before GC invocations=14 (full 0):
 garbage-first heap   total 81920K, used 67491K [0x0000000700000000, 0x0000000800000000)
  region size 2048K, 18 young (36864K), 3 survivors (6144K)
 Metaspace       used 52230K, committed 53184K, reserved 1114112K
  class space    used 6656K, committed 7104K, reserved 1048576K
}
Event: 9.800 GC heap after
{Heap after GC invocations=15 (full 0):
 garbage-first heap   total 81920K, used 41852K [0x0000000700000000, 0x0000000800000000)
  region size 2048K, 3 young (6144K), 3 survivors (6144K)
 Metaspace       used 52230K, committed 53184K, reserved 1114112K
  class space    used 6656K, committed 7104K, reserved 1048576K
}
Event: 20.901 GC heap before
{Heap before GC invocations=15 (full 0):
 garbage-first heap   total 81920K, used 70524K [0x0000000700000000, 0x0000000800000000)
  region size 2048K, 17 young (34816K), 3 survivors (6144K)
 Metaspace       used 52420K, committed 53376K, reserved 1114112K
  class space    used 6682K, committed 7104K, reserved 1048576K
}
Event: 20.907 GC heap after
{Heap after GC invocations=16 (full 0):
 garbage-first heap   total 81920K, used 45713K [0x0000000700000000, 0x0000000800000000)
  region size 2048K, 2 young (4096K), 2 survivors (4096K)
 Metaspace       used 52420K, committed 53376K, reserved 1114112K
  class space    used 6682K, committed 7104K, reserved 1048576K
}

Dll operation events (9 events):
Event: 0.014 Loaded shared library E:\jdk\jdk-21.0.1\bin\java.dll
Event: 0.488 Loaded shared library E:\jdk\jdk-21.0.1\bin\jimage.dll
Event: 0.498 Loaded shared library E:\jdk\jdk-21.0.1\bin\net.dll
Event: 0.500 Loaded shared library E:\jdk\jdk-21.0.1\bin\nio.dll
Event: 0.505 Loaded shared library E:\jdk\jdk-21.0.1\bin\zip.dll
Event: 0.696 Loaded shared library E:\jdk\jdk-21.0.1\bin\management.dll
Event: 0.709 Loaded shared library E:\jdk\jdk-21.0.1\bin\management_ext.dll
Event: 1.085 Loaded shared library E:\jdk\jdk-21.0.1\bin\extnet.dll
Event: 4.556 Loaded shared library E:\jdk\jdk-21.0.1\bin\sunmscapi.dll

Deoptimization events (20 events):
Event: 245.805 Thread 0x000002bff50f9c50 DEOPT PACKING pc=0x000002bfe334f659 sp=0x000000d6f55fd800
Event: 245.805 Thread 0x000002bff50f9c50 DEOPT UNPACKING pc=0x000002bfe2eb4e42 sp=0x000000d6f55fcc58 mode 1
Event: 245.805 Thread 0x000002bff50f9c50 DEOPT PACKING pc=0x000002bfe334edac sp=0x000000d6f55fd890
Event: 245.805 Thread 0x000002bff50f9c50 DEOPT UNPACKING pc=0x000002bfe2eb4e42 sp=0x000000d6f55fcd38 mode 1
Event: 245.805 Thread 0x000002bff50f9c50 DEOPT PACKING pc=0x000002bfe3315394 sp=0x000000d6f55fe2e0
Event: 245.805 Thread 0x000002bff50f9c50 DEOPT UNPACKING pc=0x000002bfe2eb4e42 sp=0x000000d6f55fd7a8 mode 1
Event: 245.805 Thread 0x000002bff50f9c50 DEOPT PACKING pc=0x000002bfe358a84c sp=0x000000d6f55fe370
Event: 245.805 Thread 0x000002bff50f9c50 DEOPT UNPACKING pc=0x000002bfe2eb4e42 sp=0x000000d6f55fd958 mode 1
Event: 245.805 Thread 0x000002bff50f9c50 DEOPT PACKING pc=0x000002bfe334f659 sp=0x000000d6f55fd910
Event: 245.805 Thread 0x000002bff50f9c50 DEOPT UNPACKING pc=0x000002bfe2eb4e42 sp=0x000000d6f55fcd68 mode 1
Event: 245.805 Thread 0x000002bff50f9c50 DEOPT PACKING pc=0x000002bfe334edac sp=0x000000d6f55fd9a0
Event: 245.805 Thread 0x000002bff50f9c50 DEOPT UNPACKING pc=0x000002bfe2eb4e42 sp=0x000000d6f55fce48 mode 1
Event: 245.805 Thread 0x000002bff50f9c50 DEOPT PACKING pc=0x000002bfe3315394 sp=0x000000d6f55fe3f0
Event: 245.805 Thread 0x000002bff50f9c50 DEOPT UNPACKING pc=0x000002bfe2eb4e42 sp=0x000000d6f55fd8b8 mode 1
Event: 245.805 Thread 0x000002bff50f9c50 DEOPT PACKING pc=0x000002bfe331500c sp=0x000000d6f55fe480
Event: 245.805 Thread 0x000002bff50f9c50 DEOPT UNPACKING pc=0x000002bfe2eb4e42 sp=0x000000d6f55fd958 mode 1
Event: 263.884 Thread 0x000002bff50f9c50 DEOPT PACKING pc=0x000002bfe3dc78e4 sp=0x000000d6f55ff3c0
Event: 263.885 Thread 0x000002bff50f9c50 DEOPT UNPACKING pc=0x000002bfe2eb4e42 sp=0x000000d6f55fe898 mode 0
Event: 263.885 Thread 0x000002bff50f9c50 DEOPT PACKING pc=0x000002bfe3cad6e4 sp=0x000000d6f55ff460
Event: 263.885 Thread 0x000002bff50f9c50 DEOPT UNPACKING pc=0x000002bfe2eb4e42 sp=0x000000d6f55fe938 mode 0

Classes loaded (20 events):
Event: 9.631 Loading class jdk/internal/misc/VirtualThreads
Event: 9.631 Loading class jdk/internal/misc/VirtualThreads done
Event: 9.658 Loading class java/text/ParsePosition
Event: 9.658 Loading class java/text/ParsePosition done
Event: 9.763 Loading class java/util/AbstractMap$SimpleEntry
Event: 9.763 Loading class java/util/AbstractMap$SimpleEntry done
Event: 9.831 Loading class java/util/ArrayDeque$DescendingIterator
Event: 9.831 Loading class java/util/ArrayDeque$DescendingIterator done
Event: 9.835 Loading class jdk/internal/event/VirtualThreadEndEvent
Event: 9.836 Loading class jdk/internal/event/VirtualThreadEndEvent done
Event: 10.270 Loading class sun/reflect/generics/tree/IntSignature
Event: 10.270 Loading class sun/reflect/generics/tree/IntSignature done
Event: 72.302 Loading class java/io/PushbackInputStream
Event: 72.302 Loading class java/io/PushbackInputStream done
Event: 133.059 Loading class java/net/SocketTimeoutException
Event: 133.059 Loading class java/net/SocketTimeoutException done
Event: 245.832 Loading class java/lang/Throwable$WrappedPrintStream
Event: 245.833 Loading class java/lang/Throwable$WrappedPrintStream done
Event: 263.886 Loading class jdk/internal/loader/BootLoader$PackageHelper
Event: 263.886 Loading class jdk/internal/loader/BootLoader$PackageHelper done

Classes unloaded (0 events):
No events

Classes redefined (0 events):
No events

Internal exceptions (20 events):
Event: 18.562 Thread 0x000002bff48e6310 Exception <a 'sun/nio/fs/WindowsException'{0x0000000703973dd0}> (0x0000000703973dd0) 
thrown [s\open\src\hotspot\share\prims\jni.cpp, line 520]
Event: 18.968 Thread 0x000002bff48e6310 Exception <a 'sun/nio/fs/WindowsException'{0x000000070364ac28}> (0x000000070364ac28) 
thrown [s\open\src\hotspot\share\prims\jni.cpp, line 520]
Event: 19.401 Thread 0x000002bff48e6310 Exception <a 'sun/nio/fs/WindowsException'{0x00000007037271f0}> (0x00000007037271f0) 
thrown [s\open\src\hotspot\share\prims\jni.cpp, line 520]
Event: 19.827 Thread 0x000002bff48e6310 Exception <a 'sun/nio/fs/WindowsException'{0x0000000703402958}> (0x0000000703402958) 
thrown [s\open\src\hotspot\share\prims\jni.cpp, line 520]
Event: 20.219 Thread 0x000002bff48e6310 Exception <a 'sun/nio/fs/WindowsException'{0x00000007034d8f10}> (0x00000007034d8f10) 
thrown [s\open\src\hotspot\share\prims\jni.cpp, line 520]
Event: 20.638 Thread 0x000002bff48e6310 Exception <a 'sun/nio/fs/WindowsException'{0x00000007035afa40}> (0x00000007035afa40) 
thrown [s\open\src\hotspot\share\prims\jni.cpp, line 520]
Event: 21.059 Thread 0x000002bff48e6310 Exception <a 'sun/nio/fs/WindowsException'{0x000000070feba328}> (0x000000070feba328) 
thrown [s\open\src\hotspot\share\prims\jni.cpp, line 520]
Event: 21.461 Thread 0x000002bff48e6310 Exception <a 'sun/nio/fs/WindowsException'{0x000000070ff96690}> (0x000000070ff96690) 
thrown [s\open\src\hotspot\share\prims\jni.cpp, line 520]
Event: 21.887 Thread 0x000002bff48e6310 Exception <a 'sun/nio/fs/WindowsException'{0x0000000706a76158}> (0x0000000706a76158) 
thrown [s\open\src\hotspot\share\prims\jni.cpp, line 520]
Event: 22.314 Thread 0x000002bff48e6310 Exception <a 'sun/nio/fs/WindowsException'{0x0000000706b4d930}> (0x0000000706b4d930) 
thrown [s\open\src\hotspot\share\prims\jni.cpp, line 520]
Event: 22.690 Thread 0x000002bff48e6310 Exception <a 'sun/nio/fs/WindowsException'{0x0000000706823ba8}> (0x0000000706823ba8) 
thrown [s\open\src\hotspot\share\prims\jni.cpp, line 520]
Event: 23.090 Thread 0x000002bff48e6310 Exception <a 'sun/nio/fs/WindowsException'{0x00000007068fa578}> (0x00000007068fa578) 
thrown [s\open\src\hotspot\share\prims\jni.cpp, line 520]
Event: 23.492 Thread 0x000002bff48e6310 Exception <a 'sun/nio/fs/WindowsException'{0x00000007069d1348}> (0x00000007069d1348) 
thrown [s\open\src\hotspot\share\prims\jni.cpp, line 520]
Event: 23.892 Thread 0x000002bff48e6310 Exception <a 'sun/nio/fs/WindowsException'{0x00000007066a7728}> (0x00000007066a7728) 
thrown [s\open\src\hotspot\share\prims\jni.cpp, line 520]
Event: 24.290 Thread 0x000002bff48e6310 Exception <a 'sun/nio/fs/WindowsException'{0x000000070677f8d0}> (0x000000070677f8d0) 
thrown [s\open\src\hotspot\share\prims\jni.cpp, line 520]
Event: 24.692 Thread 0x000002bff48e6310 Exception <a 'sun/nio/fs/WindowsException'{0x0000000704655bc0}> (0x0000000704655bc0) 
thrown [s\open\src\hotspot\share\prims\jni.cpp, line 520]
Event: 25.104 Thread 0x000002bff48e6310 Exception <a 'sun/nio/fs/WindowsException'{0x000000070472c4f8}> (0x000000070472c4f8) 
thrown [s\open\src\hotspot\share\prims\jni.cpp, line 520]
Event: 25.534 Thread 0x000002bff48e6310 Exception <a 'sun/nio/fs/WindowsException'{0x0000000704402940}> (0x0000000704402940) 
thrown [s\open\src\hotspot\share\prims\jni.cpp, line 520]
Event: 25.942 Thread 0x000002bff48e6310 Exception <a 'sun/nio/fs/WindowsException'{0x00000007044d8fb8}> (0x00000007044d8fb8) 
thrown [s\open\src\hotspot\share\prims\jni.cpp, line 520]
Event: 246.793 Thread 0x000002bff50f9c50 Exception <a 'java/lang/NoSuchMethodError'{0x0000000703bf6ea0}: 'java.lang.Object java.lang.invoke.Invokers$Holder.linkToTargetMethod(java.lang.Object, int, java.lang.Object, java.lang.Object)'> (0x0000000703bf6ea0) 
thrown [s\open\src\hotspot\share\interpreter\linkResolver.cpp, line 773]

ZGC Phase Switch (0 events):
No events

VM Operations (20 events):
Event: 408.385 Executing VM operation: ChangeSingleStep
Event: 408.385 Executing VM operation: ChangeSingleStep done
Event: 408.430 Executing VM operation: virtual thread get/set locals
Event: 408.430 Executing VM operation: virtual thread get/set locals done
Event: 408.434 Executing VM operation: virtual thread get/set locals
Event: 408.434 Executing VM operation: virtual thread get/set locals done
Event: 411.356 Executing VM operation: ChangeSingleStep
Event: 411.356 Executing VM operation: ChangeSingleStep done
Event: 411.356 Executing VM operation: ChangeSingleStep
Event: 411.356 Executing VM operation: ChangeSingleStep done
Event: 411.927 Executing VM operation: virtual thread get/set locals
Event: 411.927 Executing VM operation: virtual thread get/set locals done
Event: 411.927 Executing VM operation: virtual thread get/set locals
Event: 411.927 Executing VM operation: virtual thread get/set locals done
Event: 411.927 Executing VM operation: virtual thread get/set locals
Event: 411.927 Executing VM operation: virtual thread get/set locals done
Event: 411.983 Executing VM operation: virtual thread get/set locals
Event: 411.983 Executing VM operation: virtual thread get/set locals done
Event: 416.895 Executing VM operation: ChangeBreakpoints
Event: 416.901 Executing VM operation: ChangeBreakpoints done

Events (20 events):
Event: 74.466 Thread 0x000002bfeedd0b10 Thread exited: 0x000002bfeedd0b10
Event: 74.466 Thread 0x000002bff51e8880 Thread exited: 0x000002bff51e8880
Event: 86.347 Thread 0x000002bff3d6ec40 Thread exited: 0x000002bff3d6ec40
Event: 92.206 Thread 0x000002bff48e83e0 Thread exited: 0x000002bff48e83e0
Event: 102.407 Thread 0x000002bff48ebef0 Thread exited: 0x000002bff48ebef0
Event: 163.064 Thread 0x000002bff48e9790 Thread exited: 0x000002bff48e9790
Event: 193.079 Thread 0x000002bff48eb860 Thread exited: 0x000002bff48eb860
Event: 223.085 Thread 0x000002bff48e9100 Thread exited: 0x000002bff48e9100
Event: 237.822 Thread 0x000002bff4c23380 Thread added: 0x000002bff4c23380
Event: 242.873 Thread 0x000002bff4c23380 Thread exited: 0x000002bff4c23380
Event: 245.808 Thread 0x000002bff50f3350 Thread added: 0x000002bff50f3350
Event: 245.821 Thread 0x000002bff50fa2e0 Thread added: 0x000002bff50fa2e0
Event: 245.822 Thread 0x000002bff50f5420 Thread added: 0x000002bff50f5420
Event: 245.884 Thread 0x000002bff50f4070 Thread added: 0x000002bff50f4070
Event: 245.891 Thread 0x000002bff38f9b20 Thread added: 0x000002bff38f9b20
Event: 245.891 Thread 0x000002bff39da190 Thread added: 0x000002bff39da190
Event: 246.531 Thread 0x000002bff50f6140 Thread added: 0x000002bff50f6140
Event: 250.899 Thread 0x000002bff39da190 Thread exited: 0x000002bff39da190
Event: 250.899 Thread 0x000002bff38f9b20 Thread exited: 0x000002bff38f9b20
Event: 372.737 Thread 0x000002bff48e8a70 Thread exited: 0x000002bff48e8a70


Dynamic libraries:
0x00007ff60a570000 - 0x00007ff60a580000 	E:\jdk\jdk-21.0.1\bin\java.exe
0x00007ffd3ac30000 - 0x00007ffd3ae27000 	C:\WINDOWS\SYSTEM32\ntdll.dll
0x00007ffd3ab30000 - 0x00007ffd3abed000 	C:\WINDOWS\System32\KERNEL32.DLL
0x00007ffd383f0000 - 0x00007ffd386e6000 	C:\WINDOWS\System32\KERNELBASE.dll
0x00007ffd38b90000 - 0x00007ffd38c90000 	C:\WINDOWS\System32\ucrtbase.dll
0x00007ffd1d220000 - 0x00007ffd1d239000 	E:\jdk\jdk-21.0.1\bin\jli.dll
0x00007ffd127e0000 - 0x00007ffd127fb000 	E:\jdk\jdk-21.0.1\bin\VCRUNTIME140.dll
0x00007ffd3aa80000 - 0x00007ffd3ab2e000 	C:\WINDOWS\System32\ADVAPI32.dll
0x00007ffd396d0000 - 0x00007ffd3976e000 	C:\WINDOWS\System32\msvcrt.dll
0x00007ffd39fb0000 - 0x00007ffd3a04c000 	C:\WINDOWS\System32\sechost.dll
0x00007ffd3a6e0000 - 0x00007ffd3a806000 	C:\WINDOWS\System32\RPCRT4.dll
0x00007ffd39be0000 - 0x00007ffd39d7e000 	C:\WINDOWS\System32\USER32.dll
0x00007ffd38b60000 - 0x00007ffd38b82000 	C:\WINDOWS\System32\win32u.dll
0x00007ffd26ff0000 - 0x00007ffd2728a000 	C:\WINDOWS\WinSxS\amd64_microsoft.windows.common-controls_6595b64144ccf1df_6.0.19041.3570_none_60bb2a3971f3e41a\COMCTL32.dll
0x00007ffd39630000 - 0x00007ffd3965c000 	C:\WINDOWS\System32\GDI32.dll
0x00007ffd38910000 - 0x00007ffd38a2a000 	C:\WINDOWS\System32\gdi32full.dll
0x00007ffd38a30000 - 0x00007ffd38acd000 	C:\WINDOWS\System32\msvcp_win.dll
0x00007ffd2cd10000 - 0x00007ffd2cd1a000 	C:\WINDOWS\SYSTEM32\VERSION.dll
0x00007ffd39850000 - 0x00007ffd39880000 	C:\WINDOWS\System32\IMM32.DLL
0x00007ffd1c450000 - 0x00007ffd1c503000 	C:\Program Files\McAfee\Endpoint Security\Threat Prevention\Ips\EpMPApi.dll
0x00007ffd38740000 - 0x00007ffd387a7000 	C:\WINDOWS\System32\WINTRUST.dll
0x00007ffd387b0000 - 0x00007ffd3890d000 	C:\WINDOWS\System32\CRYPT32.dll
0x00007ffd37e50000 - 0x00007ffd37e62000 	C:\WINDOWS\SYSTEM32\MSASN1.dll
0x0000000060730000 - 0x000000006073c000 	C:\Program Files\McAfee\Endpoint Security\Threat Prevention\Ips\EpMPThe.dll
0x00007ffd1c5c0000 - 0x00007ffd1c61b000 	C:\Program Files\McAfee\Endpoint Security\Threat Prevention\Ips\HIPHandlers64.dll
0x00007ffd38c90000 - 0x00007ffd393d4000 	C:\WINDOWS\System32\SHELL32.dll
0x00007ffd39670000 - 0x00007ffd396c5000 	C:\WINDOWS\System32\SHLWAPI.dll
0x00007ffd29840000 - 0x00007ffd29a24000 	C:\WINDOWS\SYSTEM32\dbghelp.dll
0x00007ffd33bf0000 - 0x00007ffd33bfc000 	E:\jdk\jdk-21.0.1\bin\vcruntime140_1.dll
0x00007ffd125a0000 - 0x00007ffd1262e000 	E:\jdk\jdk-21.0.1\bin\msvcp140.dll
0x00007ffcc1990000 - 0x00007ffcc26a5000 	E:\jdk\jdk-21.0.1\bin\server\jvm.dll
0x00007ffd3a670000 - 0x00007ffd3a6db000 	C:\WINDOWS\System32\WS2_32.dll
0x00007ffd381f0000 - 0x00007ffd3823b000 	C:\WINDOWS\SYSTEM32\POWRPROF.dll
0x00007ffd23710000 - 0x00007ffd23737000 	C:\WINDOWS\SYSTEM32\WINMM.dll
0x00007ffd38150000 - 0x00007ffd38162000 	C:\WINDOWS\SYSTEM32\UMPDC.dll
0x00007ffd35ee0000 - 0x00007ffd35ef2000 	C:\WINDOWS\SYSTEM32\kernel.appcore.dll
0x00007ffd2daa0000 - 0x00007ffd2daaa000 	E:\jdk\jdk-21.0.1\bin\jimage.dll
0x00007ffd22c80000 - 0x00007ffd22cb4000 	C:\WINDOWS\SYSTEM32\dbgcore.DLL
0x00007ffd38ad0000 - 0x00007ffd38b52000 	C:\WINDOWS\System32\bcryptPrimitives.dll
0x00007ffd12560000 - 0x00007ffd1259c000 	E:\jdk\jdk-21.0.1\bin\jdwp.dll
0x00007ffd126e0000 - 0x00007ffd126ff000 	E:\jdk\jdk-21.0.1\bin\java.dll
0x00007ffd360e0000 - 0x00007ffd3687b000 	C:\WINDOWS\SYSTEM32\windows.storage.dll
0x00007ffd39880000 - 0x00007ffd39bd4000 	C:\WINDOWS\System32\combase.dll
0x00007ffd37c80000 - 0x00007ffd37cad000 	C:\WINDOWS\SYSTEM32\Wldp.dll
0x00007ffd39ee0000 - 0x00007ffd39f8d000 	C:\WINDOWS\System32\SHCORE.dll
0x00007ffd38240000 - 0x00007ffd38265000 	C:\WINDOWS\SYSTEM32\profapi.dll
0x00007ffd12550000 - 0x00007ffd1255c000 	E:\jdk\jdk-21.0.1\bin\dt_socket.dll
0x00007ffd376d0000 - 0x00007ffd3770b000 	C:\WINDOWS\SYSTEM32\IPHLPAPI.DLL
0x00007ffd379e0000 - 0x00007ffd37a4a000 	C:\WINDOWS\system32\mswsock.dll
0x00007ffd127d0000 - 0x00007ffd127e0000 	E:\jdk\jdk-21.0.1\bin\net.dll
0x00007ffd37270000 - 0x00007ffd3737a000 	C:\WINDOWS\SYSTEM32\WINHTTP.dll
0x00007ffd126c0000 - 0x00007ffd126d6000 	E:\jdk\jdk-21.0.1\bin\nio.dll
0x00007ffd126a0000 - 0x00007ffd126b8000 	E:\jdk\jdk-21.0.1\bin\zip.dll
0x00007ffd37720000 - 0x00007ffd377ea000 	C:\WINDOWS\SYSTEM32\DNSAPI.dll
0x00007ffd39660000 - 0x00007ffd39668000 	C:\WINDOWS\System32\NSI.dll
0x00007ffd324e0000 - 0x00007ffd324ea000 	C:\Windows\System32\rasadhlp.dll
0x00007ffd33330000 - 0x00007ffd333b2000 	C:\WINDOWS\System32\fwpuclnt.dll
0x00007ffd383c0000 - 0x00007ffd383e7000 	C:\WINDOWS\System32\bcrypt.dll
0x00007ffd12540000 - 0x00007ffd1254a000 	E:\jdk\jdk-21.0.1\bin\management.dll
0x00007ffd12530000 - 0x00007ffd1253b000 	E:\jdk\jdk-21.0.1\bin\management_ext.dll
0x00007ffd39f90000 - 0x00007ffd39f98000 	C:\WINDOWS\System32\PSAPI.DLL
0x00007ffd37bd0000 - 0x00007ffd37be8000 	C:\WINDOWS\SYSTEM32\CRYPTSP.dll
0x00007ffd371e0000 - 0x00007ffd37214000 	C:\WINDOWS\system32\rsaenh.dll
0x00007ffd381b0000 - 0x00007ffd381de000 	C:\WINDOWS\SYSTEM32\USERENV.dll
0x00007ffd37bf0000 - 0x00007ffd37bfc000 	C:\WINDOWS\SYSTEM32\CRYPTBASE.dll
0x00007ffd2c260000 - 0x00007ffd2c277000 	C:\WINDOWS\system32\napinsp.dll
0x00007ffd2c2a0000 - 0x00007ffd2c2bb000 	C:\WINDOWS\system32\pnrpnsp.dll
0x00007ffd2c280000 - 0x00007ffd2c295000 	C:\WINDOWS\system32\wshbth.dll
0x00007ffd33a40000 - 0x00007ffd33a5d000 	C:\WINDOWS\system32\NLAapi.dll
0x00007ffd2c460000 - 0x00007ffd2c472000 	C:\WINDOWS\System32\winrnr.dll
0x00007ffd12510000 - 0x00007ffd12517000 	E:\jdk\jdk-21.0.1\bin\extnet.dll
0x00007ffd12520000 - 0x00007ffd1252e000 	E:\jdk\jdk-21.0.1\bin\sunmscapi.dll
0x00007ffd37cf0000 - 0x00007ffd37d17000 	C:\WINDOWS\SYSTEM32\ncrypt.dll
0x00007ffd37cb0000 - 0x00007ffd37ceb000 	C:\WINDOWS\SYSTEM32\NTASN1.dll
0x00007ffd0b930000 - 0x00007ffd0b937000 	C:\WINDOWS\system32\wshunix.dll

dbghelp: loaded successfully - version: 4.0.5 - missing functions: none
symbol engine: initialized successfully - sym options: 0x614 - pdb path: .;E:\jdk\jdk-21.0.1\bin;C:\WINDOWS\SYSTEM32;C:\WINDOWS\WinSxS\amd64_microsoft.windows.common-controls_6595b64144ccf1df_6.0.19041.3570_none_60bb2a3971f3e41a;C:\Program Files\McAfee\Endpoint Security\Threat Prevention\Ips;E:\jdk\jdk-21.0.1\bin\server

VM Arguments:
jvm_args: -agentlib:jdwp=transport=dt_socket,address=127.0.0.1:56154,suspend=y,server=n -XX:TieredStopAtLevel=1 -Xverify:none -Dspring.output.ansi.enabled=always -Dcom.sun.management.jmxremote -Dspring.jmx.enabled=true -Dspring.liveBeansView.mbeanDomain -Dspring.application.admin.enabled=true -Dfile.encoding=UTF-8 
java_command: epc.epcsalesapi.EpcsalesapiApplication
java_class_path (initial): E:\a_program\epc\epcsalesapi\target\classes;E:\Maven\repository\org\springframework\boot\spring-boot-starter-actuator\3.0.7\spring-boot-starter-actuator-3.0.7.jar;E:\Maven\repository\org\springframework\boot\spring-boot-starter\3.0.7\spring-boot-starter-3.0.7.jar;E:\Maven\repository\org\springframework\boot\spring-boot\3.0.7\spring-boot-3.0.7.jar;E:\Maven\repository\org\springframework\boot\spring-boot-autoconfigure\3.0.7\spring-boot-autoconfigure-3.0.7.jar;E:\Maven\repository\org\springframework\boot\spring-boot-starter-logging\3.0.7\spring-boot-starter-logging-3.0.7.jar;E:\Maven\repository\ch\qos\logback\logback-classic\1.4.7\logback-classic-1.4.7.jar;E:\Maven\repository\ch\qos\logback\logback-core\1.4.7\logback-core-1.4.7.jar;E:\Maven\repository\org\apache\logging\log4j\log4j-to-slf4j\2.19.0\log4j-to-slf4j-2.19.0.jar;E:\Maven\repository\org\apache\logging\log4j\log4j-api\2.19.0\log4j-api-2.19.0.jar;E:\Maven\repository\org\slf4j\jul-to-slf4j\2.0.7\jul-to-slf4j-2.0.7.jar;E:\Maven\repository\jakarta\annotation\jakarta.annotation-api\2.1.1\jakarta.annotation-api-2.1.1.jar;E:\Maven\repository\org\springframework\spring-core\6.0.9\spring-core-6.0.9.jar;E:\Maven\repository\org\springframework\spring-jcl\6.0.9\spring-jcl-6.0.9.jar;E:\Maven\repository\org\springframework\boot\spring-boot-actuator-autoconfigure\3.0.7\spring-boot-actuator-autoconfigure-3.0.7.jar;E:\Maven\repository\org\springframework\boot\spring-boot-actuator\3.0.7\spring-boot-actuator-3.0.7.jar;E:\Maven\repository\com\fasterxml\jackson\core\jackson-databind\2.14.3\jackson-databind-2.14.3.jar;E:\Maven\repository\com\fasterxml\jackson\datatype\jackson-datatype-jsr310\2.14.3\jackson-datatype-jsr310-2.14.3.jar;E:\Maven\repository\io\micrometer\micrometer-observation\1.10.7\micrometer-observation-1.10.7.jar;E:\Maven\repository\io\micrometer\micrometer-commons\1.10.7\micrometer-commons-1.10.7.jar;E:\Maven\repository\io\micrometer\micrometer-core\1.10.7\micrometer-core-1.10.7.jar;E:\Maven\repository\org\hdrhistogram\HdrHistogram\2.1.12\HdrHistogram-2.1.12.jar;E:\Maven\repository\org\latencyutils\LatencyUtils\2.0.3\LatencyUtils-2.0.3.jar;E:\Maven\repository\io\micrometer\micrometer-registry-prometheus\1.10.7\micrometer-registry-prometheus-1.10.7.jar;E:\Maven\repository\io\prometheus\simpleclient_common\0.16.0\simpleclient_common-0.16.0.jar;E:\Maven\repository\io\prometheus\simpleclient\0.16.0\simpleclient-0.16.0.jar;E:\Maven\repository\io\prometheus\simpleclient_tracer_otel\0.16.0\simpleclient_tracer_otel-0.16.0.jar;E:\Maven\repository\io\prometheus\simpleclient_tracer_common\0.16.0\simpleclient_tracer_common-0.16.0.jar;E:\Maven\repository\io\prometheus\simpleclient_tracer_otel_agent\0.16.0\simpleclient_tracer_otel_agent-0.16.0.jar;E:\Maven\repository\org\springframework\boot\spring-boot-starter-jdbc\3.0.7\spring-boot-starter-jdbc-3.0.7.jar;E:\Maven\repository\com\zaxxer\HikariCP\5.0.1\HikariCP-5.0.1.jar;E:\Maven\repository\org\springframework\spring-jdbc\6.0.9\spring-jdbc-6.0.9.jar;E:\Maven\repository\org\springframework\spring-beans\6.0.9\spring-beans-6.0.9.jar;E:\Maven\repository\org\springframework\boot\spring-boot-starter-web\3.0.7\spring-boot-starter-web-3.0.7.jar;E:\Maven\repository\org\springframework\boot\spring-boot-starter-json\3.0.7\spring-boot-starter-json-3.0.7.jar;E:\Maven\repository\com\fasterxml\jackson\datatype\jackson-datatype-jdk8\2.14.3\jackson-datatype-jdk8-2.14.3.jar;E:\Maven\repository\com\fasterxml\jackson\module\jackson-module-parameter-names\2.14.3\jackson-module-parameter-names-2.14.3.jar;E:\Maven\repository\org\springframework\boot\spring-boot-starter-tomcat\3.0.7\spring-boot-starter-tomcat-3.0.7.jar;E:\Maven\repository\org\apache\tomcat\embed\tomcat-embed-core\10.1.8\tomcat-embed-core-10.1.8.jar;E:\Maven\repository\org\springframework\spring-web\6.0.9\spring-web-6.0.9.jar;E:\Maven\repository\org\springframework\spring-webmvc\6.0.9\spring-webmvc-6.0.9.jar;E:\Maven\repository\org\springframework\spring-aop\6.0.9\spring-aop-6.0.9.jar;E:\Maven\repository\org\springframework\spring-expression\6.0.9\spring-expression-6.0.9.jar;E:\Maven\repository\org\springframework\kafka\spring-kafka\3.0.7\spring-kafka-3.0.7.jar;E:\Maven\repository\org\springframework\spring-context\6.0.9\spring-context-6.0.9.jar;E:\Maven\repository\org\springframework\spring-messaging\6.0.9\spring-messaging-6.0.9.jar;E:\Maven\repository\org\springframework\spring-tx\6.0.9\spring-tx-6.0.9.jar;E:\Maven\repository\org\springframework\retry\spring-retry\2.0.1\spring-retry-2.0.1.jar;E:\Maven\repository\org\apache\kafka\kafka-clients\3.3.2\kafka-clients-3.3.2.jar;E:\Maven\repository\com\github\luben\zstd-jni\1.5.2-1\zstd-jni-1.5.2-1.jar;E:\Maven\repository\org\lz4\lz4-java\1.8.0\lz4-java-1.8.0.jar;E:\Maven\repository\org\xerial\snappy\snappy-java\1.1.8.4\snappy-java-1.1.8.4.jar;E:\Maven\repository\com\google\code\findbugs\jsr305\3.0.2\jsr305-3.0.2.jar;E:\Maven\repository\org\springframework\boot\spring-boot-starter-web-services\3.0.7\spring-boot-starter-web-services-3.0.7.jar;E:\Maven\repository\com\sun\xml\messaging\saaj\saaj-impl\3.0.2\saaj-impl-3.0.2.jar;E:\Maven\repository\jakarta\xml\soap\jakarta.xml.soap-api\3.0.0\jakarta.xml.soap-api-3.0.0.jar;E:\Maven\repository\org\jvnet\staxex\stax-ex\2.1.0\stax-ex-2.1.0.jar;E:\Maven\repository\jakarta\activation\jakarta.activation-api\2.1.2\jakarta.activation-api-2.1.2.jar;E:\Maven\repository\org\eclipse\angus\angus-activation\2.0.0\angus-activation-2.0.0.jar;E:\Maven\repository\jakarta\xml\ws\jakarta.xml.ws-api\4.0.0\jakarta.xml.ws-api-4.0.0.jar;E:\Maven\repository\jakarta\xml\bind\jakarta.xml.bind-api\4.0.0\jakarta.xml.bind-api-4.0.0.jar;E:\Maven\repository\org\springframework\spring-oxm\6.0.9\spring-oxm-6.0.9.jar;E:\Maven\repository\org\springframework\ws\spring-ws-core\4.0.4\spring-ws-core-4.0.4.jar;E:\Maven\repository\org\springframework\ws\spring-xml\4.0.4\spring-xml-4.0.4.jar;E:\Maven\repository\org\glassfish\jaxb\jaxb-runtime\4.0.2\jaxb-runtime-4.0.2.jar;E:\Maven\repository\org\glassfish\jaxb\jaxb-core\4.0.2\jaxb-core-4.0.2.jar;E:\Maven\repository\org\glassfish\jaxb\txw2\4.0.2\txw2-4.0.2.jar;E:\Maven\repository\com\sun\istack\istack-commons-runtime\4.1.1\istack-commons-runtime-4.1.1.jar;E:\Maven\repository\com\oracle\database\jdbc\ojdbc8\21.7.0.0\ojdbc8-21.7.0.0.jar;E:\Maven\repository\org\owasp\esapi\esapi\2.5.2.0\esapi-2.5.2.0.jar;E:\Maven\repository\xom\xom\1.3.8\xom-1.3.8.jar;E:\Maven\repository\commons-beanutils\commons-beanutils\1.9.4\commons-beanutils-1.9.4.jar;E:\Maven\repository\commons-configuration\commons-configuration\1.10\commons-configuration-1.10.jar;E:\Maven\repository\commons-lang\commons-lang\2.6\commons-lang-2.6.jar;E:\Maven\repository\commons-fileupload\commons-fileupload\1.5\commons-fileupload-1.5.jar;E:\Maven\repository\org\apache\commons\commons-collections4\4.4\commons-collections4-4.4.jar;E:\Maven\repository\org\apache-extras\beanshell\bsh\2.0b6\bsh-2.0b6.jar;E:\Maven\repository\org\owasp\antisamy\antisamy\1.7.3\antisamy-1.7.3.jar;E:\Maven\repository\org\htmlunit\neko-htmlunit\3.1.0\neko-htmlunit-3.1.0.jar;E:\Maven\repository\org\apache\httpcomponents\client5\httpclient5\5.1.4\httpclient5-5.1.4.jar;E:\Maven\repository\org\apache\httpcomponents\core5\httpcore5-h2\5.1.5\httpcore5-h2-5.1.5.jar;E:\Maven\repository\org\apache\httpcomponents\core5\httpcore5\5.1.5\httpcore5-5.1.5.jar;E:\Maven\repository\org\apache\xmlgraphics\batik-css\1.16\batik-css-1.16.jar;E:\Maven\repository\org\apache\xmlgraphics\batik-shared-resources\1.16\batik-shared-resources-1.16.jar;E:\Maven\repository\org\apache\xmlgraphics\batik-util\1.16\batik-util-1.16.jar;E:\Maven\repository\org\apache\xmlgraphics\batik-constants\1.16\batik-constants-1.16.jar;E:\Maven\repository\org\apache\xmlgraphics\batik-i18n\1.16\batik-i18n-1.16.jar;E:\Maven\repository\org\apache\xmlgraphics\xmlgraphics-commons\2.7\xmlgraphics-commons-2.7.jar;E:\Maven\repository\xerces\xercesImpl\2.12.2\xercesImpl-2.12.2.jar;E:\Maven\repository\xml-apis\xml-apis-ext\1.3.04\xml-apis-ext-1.3.04.jar;E:\Maven\repository\org\slf4j\slf4j-api\2.0.7\slf4j-api-2.0.7.jar;E:\Maven\repository\xml-apis\xml-apis\1.4.01\xml-apis-1.4.01.jar;E:\Maven\repository\commons-io\commons-io\2.11.0\commons-io-2.11.0.jar;E:\Maven\repository\com\swetake\Qrcode\1.0.0\Qrcode-1.0.0.jar;E:\Maven\repository\org\json\json\20230227\json-20230227.jar;E:\Maven\repository\org\keycloak\keycloak-admin-client\21.1.1\keycloak-admin-client-21.1.1.jar;E:\Maven\repository\org\keycloak\keycloak-core\21.1.1\keycloak-core-21.1.1.jar;E:\Maven\repository\org\keycloak\keycloak-common\21.1.1\keycloak-common-21.1.1.jar;E:\Maven\repository\org\jboss\resteasy\resteasy-client\4.7.7.Final\resteasy-client-4.7.7.Final.jar;E:\Maven\repository\org\jboss\resteasy\resteasy-client-api\4.7.7.Final\resteasy-client-api-4.7.7.Final.jar;E:\Maven\repository\org\jboss\resteasy\resteasy-core-spi\4.7.7.Final\resteasy-core-spi-4.7.7.Final.jar;E:\Maven\repository\org\jboss\spec\javax\annotation\jboss-annotations-api_1.3_spec\2.0.1.Final\jboss-annotations-api_1.3_spec-2.0.1.Final.jar;E:\Maven\repository\jakarta\validation\jakarta.validation-api\3.0.2\jakarta.validation-api-3.0.2.jar;E:\Maven\repository\org\jboss\resteasy\resteasy-core\4.7.7.Final\resteasy-core-4.7.7.Final.jar;E:\Maven\repository\com\ibm\async\asyncutil\0.1.0\asyncutil-0.1.0.jar;E:\Maven\repository\io\smallrye\config\smallrye-config\2.3.0\smallrye-config-2.3.0.jar;E:\Maven\repository\io\smallrye\config\smallrye-config-core\2.3.0\smallrye-config-core-2.3.0.jar;E:\Maven\repository\org\eclipse\microprofile\config\microprofile-config-api\2.0\microprofile-config-api-2.0.jar;E:\Maven\repository\io\smallrye\common\smallrye-common-annotation\1.6.0\smallrye-common-annotation-1.6.0.jar;E:\Maven\repository\io\smallrye\common\smallrye-common-expression\1.6.0\smallrye-common-expression-1.6.0.jar;E:\Maven\repository\io\smallrye\common\smallrye-common-function\1.6.0\smallrye-common-function-1.6.0.jar;E:\Maven\repository\io\smallrye\common\smallrye-common-constraint\1.6.0\smallrye-common-constraint-1.6.0.jar;E:\Maven\repository\io\smallrye\common\smallrye-common-classloader\1.6.0\smallrye-common-classloader-1.6.0.jar;E:\Maven\repository\io\smallrye\config\smallrye-config-common\2.3.0\smallrye-config-common-2.3.0.jar;E:\Maven\repository\org\jboss\logging\jboss-logging\3.5.0.Final\jboss-logging-3.5.0.Final.jar;E:\Maven\repository\org\apache\httpcomponents\httpclient\4.5.14\httpclient-4.5.14.jar;E:\Maven\repository\org\apache\httpcomponents\httpcore\4.4.16\httpcore-4.4.16.jar;E:\Maven\repository\commons-codec\commons-codec\1.15\commons-codec-1.15.jar;E:\Maven\repository\org\jboss\spec\javax\ws\rs\jboss-jaxrs-api_2.1_spec\2.0.1.Final\jboss-jaxrs-api_2.1_spec-2.0.1.Final.jar;E:\Maven\repository\org\reactivestreams\reactive-streams\1.0.4\reactive-streams-1.0.4.jar;E:\Maven\repository\org\jboss\resteasy\resteasy-multipart-provider\4.7.7.Final\resteasy-multipart-provider-4.7.7.Final.jar;E:\Maven\repository\com\sun\mail\jakarta.mail\1.6.5\jakarta.mail-1.6.5.jar;E:\Maven\repository\com\sun\activation\jakarta.activation\1.2.1\jakarta.activation-1.2.1.jar;E:\Maven\repository\org\apache\james\apache-mime4j-dom\0.8.3\apache-mime4j-dom-0.8.3.jar;E:\Maven\repository\org\apache\james\apache-mime4j-core\0.8.3\apache-mime4j-core-0.8.3.jar;E:\Maven\repository\org\apache\james\apache-mime4j-storage\0.8.3\apache-mime4j-storage-0.8.3.jar;E:\Maven\repository\org\jboss\resteasy\resteasy-jackson2-provider\4.7.7.Final\resteasy-jackson2-provider-4.7.7.Final.jar;E:\Maven\repository\com\fasterxml\jackson\core\jackson-core\2.14.3\jackson-core-2.14.3.jar;E:\Maven\repository\com\fasterxml\jackson\core\jackson-annotations\2.14.3\jackson-annotations-2.14.3.jar;E:\Maven\repository\com\fasterxml\jackson\jaxrs\jackson-jaxrs-json-provider\2.14.3\jackson-jaxrs-json-provider-2.14.3.jar;E:\Maven\repository\com\fasterxml\jackson\jaxrs\jackson-jaxrs-base\2.14.3\jackson-jaxrs-base-2.14.3.jar;E:\Maven\repository\com\fasterxml\jackson\module\jackson-module-jaxb-annotations\2.14.3\jackson-module-jaxb-annotations-2.14.3.jar;E:\Maven\repository\com\github\java-json-tools\json-patch\1.13\json-patch-1.13.jar;E:\Maven\repository\com\github\java-json-tools\msg-simple\1.2\msg-simple-1.2.jar;E:\Maven\repository\com\github\java-json-tools\btf\1.3\btf-1.3.jar;E:\Maven\repository\com\github\java-json-tools\jackson-coreutils\2.0\jackson-coreutils-2.0.jar;E:\Maven\repository\org\jboss\resteasy\resteasy-jaxb-provider\4.7.7.Final\resteasy-jaxb-provider-4.7.7.Final.jar;E:\Maven\repository\org\jboss\spec\javax\xml\bind\jboss-jaxb-api_2.3_spec\2.0.0.Final\jboss-jaxb-api_2.3_spec-2.0.0.Final.jar;E:\Maven\repository\commons-validator\commons-validator\1.7\commons-validator-1.7.jar;E:\Maven\repository\commons-digester\commons-digester\2.1\commons-digester-2.1.jar;E:\Maven\repository\commons-logging\commons-logging\1.2\commons-logging-1.2.jar;E:\Maven\repository\commons-collections\commons-collections\3.2.2\commons-collections-3.2.2.jar;E:\Maven\repository\org\projectlombok\lombok\1.18.30\lombok-1.18.30.jar;E:\Maven\repository\com\alibaba\fastjson\2.0.41\fastjson-2.0.41.jar;E:\Maven\repository\com\alibaba\fastjson2\fastjson2-extension\2.0.41\fastjson2-extension-2.0.41.jar;E:\Maven\repository\com\alibaba\fastjson2\fastjson2\2.0.41\fastjson2-2.0.41.jar;E:\Maven\repository\com\jayway\jsonpath\json-path\2.8.0\json-path-2.8.0.jar;E:\Maven\repository\net\minidev\json-smart\2.4.11\json-smart-2.4.11.jar;E:\Maven\repository\net\minidev\accessors-smart\2.4.11\accessors-smart-2.4.11.jar;E:\Maven\repository\org\ow2\asm\asm\9.3\asm-9.3.jar;E:\Maven\repository\fes\smcApps\SmcAppsSMCSENS-UAT\1.0.0\SmcAppsSMCSENS-UAT-1.0.0.jar;E:\idea2020\ideaIU-2020\lib\idea_rt.jar
Launcher Type: SUN_STANDARD

[Global flags]
     intx CICompilerCount                          = 4                                         {product} {ergonomic}
     uint ConcGCThreads                            = 2                                         {product} {ergonomic}
     uint G1ConcRefinementThreads                  = 8                                         {product} {ergonomic}
   size_t G1HeapRegionSize                         = 2097152                                   {product} {ergonomic}
    uintx GCDrainStackTargetSize                   = 64                                        {product} {ergonomic}
   size_t InitialHeapSize                          = 268435456                                 {product} {ergonomic}
     bool ManagementServer                         = true                                      {product} {command line}
   size_t MarkStackSize                            = 4194304                                   {product} {ergonomic}
   size_t MaxHeapSize                              = 4294967296                                {product} {ergonomic}
   size_t MaxNewSize                               = 2575302656                                {product} {ergonomic}
   size_t MinHeapDeltaBytes                        = 2097152                                   {product} {ergonomic}
   size_t MinHeapSize                              = 8388608                                   {product} {ergonomic}
    uintx NonNMethodCodeHeapSize                   = 4096                                   {pd product} {ergonomic}
    uintx NonProfiledCodeHeapSize                  = 0                                      {pd product} {ergonomic}
     bool ProfileInterpreter                       = false                                  {pd product} {command line}
    uintx ProfiledCodeHeapSize                     = 0                                      {pd product} {ergonomic}
   size_t SoftMaxHeapSize                          = 4294967296                             {manageable} {ergonomic}
     intx TieredStopAtLevel                        = 1                                         {product} {command line}
     bool UseCompressedOops                        = true                           {product lp64_product} {ergonomic}
     bool UseG1GC                                  = true                                      {product} {ergonomic}
     bool UseLargePagesIndividualAllocation        = false                                  {pd product} {ergonomic}

Logging:
Log output configuration:
 #0: stdout all=warning uptime,level,tags foldmultilines=false
 #1: stderr all=off uptime,level,tags foldmultilines=false

Environment Variables:
JAVA_HOME=E:\jdk\jdk-17.0.7
CLASSPATH=.;JAVA_HOME%\lib;E:\jdk\jdk-17.0.7\lib\dt.jar;E:\jdk\jdk-17.0.7\lib\tools.jar
PATH=C:\ProgramData\Oracle\Java\javapath;E:\app\JCZhang\product\12.2.0\client_1;E:\jdk\jdk-17.0.7\bin;C:\WINDOWS\system32;E:\jdk\jdk-17.0.7\bin;C:\WINDOWS;C:\WINDOWS\System32\Wbem;C:\WINDOWS\System32\WindowsPowerShell\v1.0\;C:\WINDOWS\System32\OpenSSH\;c:\Program Files (x86)\Pulse Secure\VC142.CRT\X64\;c:\Program Files (x86)\Pulse Secure\VC142.CRT\X86\;E:\git\Git\cmd;E:\Maven\apache-maven-3.8.7\bin;E:\MySQL\mysql-8.0.32\bin;E:\node\nvm;E:\node\nvm\npm;E:\node\nodejs;C:\Program Files (x86)\Common Files\Pulse Secure\TNC Client Plugin\;C:\Users\JCZhang\AppData\Local\Microsoft\WindowsApps;E:\node\nvm;E:\node\nodejs
USERNAME=JCZhang
OS=Windows_NT
PROCESSOR_IDENTIFIER=Intel64 Family 6 Model 63 Stepping 0, GenuineIntel
TMP=C:\Users\JCZhang\AppData\Local\Temp
TEMP=C:\Users\JCZhang\AppData\Local\Temp




Periodic native trim disabled

---------------  S Y S T E M  ---------------

OS:
 Windows 10 , 64 bit Build 19041 (10.0.19041.3570)
OS uptime: 1 days 16:36 hours
VMWare virtualization detected

CPU: total 8 (initial active 8) (4 cores per cpu, 1 threads per core) family 6 model 63 stepping 0 microcode 0x5003302, cx8, cmov, fxsr, mmx, sse, sse2, sse3, ssse3, sse4.1, sse4.2, popcnt, lzcnt, tsc, tscinvbit, avx, avx2, aes, erms, clmul, bmi1, bmi2, fma, vzeroupper, clflush, hv, rdtscp, f16c
Processor Information for all 8 processors :
  Max Mhz: 2095, Current Mhz: 2095, Mhz Limit: 2095

Memory: 4k page, system-wide physical 16383M (7492M free)
TotalPageFile size 18815M (AvailPageFile size 7998M)
current process WorkingSet (physical memory assigned to process): 227M, peak: 227M
current process commit charge ("private bytes"): 267M, peak: 376M

vm_info: Java HotSpot(TM) 64-Bit Server VM (21.0.1+12-LTS-29) for windows-amd64 JRE (21.0.1+12-LTS-29), built on 2023-10-05T13:27:09Z by "mach5one" with MS VC++ 17.1 (VS2022)

END.
